Watching for file changes with StatReloader
Waiting for apps ready_event.
Apps ready_event triggered. Sending autoreload_started signal.
Watching dir C:\Users\OP PC 03\Downloads\wetransfer_ee_2022-05-11_0710\Django-Invoice-new1\Django-Invoice-new\templates with glob **/*.
Watching dir C:\Users\OP PC 03\Downloads\wetransfer_ee_2022-05-11_0710\Django-Invoice-new1\Django-Invoice-new\invoice\templates with glob **/*.
Watching dir C:\Users\OP PC 03\AppData\Local\Programs\Python\Python310\lib\site-packages\bulma\templates with glob **/*.
Watching dir C:\Users\OP PC 03\Downloads\wetransfer_ee_2022-05-11_0710\Django-Invoice-new1\Django-Invoice-new\locale with glob **/*.mo.
Watching dir C:\Users\OP PC 03\Downloads\wetransfer_ee_2022-05-11_0710\Django-Invoice-new1\Django-Invoice-new\invoice\locale with glob **/*.mo.
Watching dir C:\Users\OP PC 03\AppData\Local\Programs\Python\Python310\lib\site-packages\bulma\locale with glob **/*.mo.
Watching dir C:\Users\OP PC 03\AppData\Local\Programs\Python\Python310\lib\site-packages\axes\locale with glob **/*.mo.
(0.000) 
            SELECT name, type FROM sqlite_master
            WHERE type in ('table', 'view') AND NOT name='sqlite_sequence'
            ORDER BY name; args=None; alias=default
(0.000) SELECT "django_migrations"."id", "django_migrations"."app", "django_migrations"."name", "django_migrations"."applied" FROM "django_migrations"; args=(); alias=default
File C:\Users\OP PC 03\AppData\Local\Programs\Python\Python310\Lib\site-packages\django\contrib\auth\views.py first seen with mtime 1652871882.6504195
File C:\Users\OP PC 03\AppData\Local\Programs\Python\Python310\Lib\_collections_abc.py first seen with mtime 1648057904.0
File C:\Users\OP PC 03\AppData\Local\Programs\Python\Python310\Lib\site-packages\django\core\cache\utils.py first seen with mtime 1652871884.041074
File C:\Users\OP PC 03\AppData\Local\Programs\Python\Python310\Lib\uu.py first seen with mtime 1648057906.0
File C:\Users\OP PC 03\AppData\Local\Programs\Python\Python310\Lib\site-packages\django\db\backends\sqlite3\__init__.py first seen with mtime 1652871884.119171
File C:\Users\OP PC 03\AppData\Local\Programs\Python\Python310\Lib\site-packages\django\utils\translation\reloader.py first seen with mtime 1652871884.275419
File C:\Users\OP PC 03\AppData\Local\Programs\Python\Python310\Lib\ipaddress.py first seen with mtime 1648057904.0
File C:\Users\OP PC 03\AppData\Local\Programs\Python\Python310\Lib\site-packages\django\template\exceptions.py first seen with mtime 1652871884.2285435
File C:\Users\OP PC 03\AppData\Local\Programs\Python\Python310\Lib\http\cookies.py first seen with mtime 1648057904.0
File C:\Users\OP PC 03\AppData\Local\Programs\Python\Python310\Lib\mimetypes.py first seen with mtime 1648057904.0
File C:\Users\OP PC 03\Downloads\wetransfer_ee_2022-05-11_0710\Django-Invoice-new1\Django-Invoice-new\mysite\urls.py first seen with mtime 1652964914.4533784
File C:\Users\OP PC 03\AppData\Local\Programs\Python\Python310\Lib\site-packages\django\core\checks\model_checks.py first seen with mtime 1652871884.041074
File C:\Users\OP PC 03\AppData\Local\Programs\Python\Python310\Lib\sre_compile.py first seen with mtime 1648057904.0
File C:\Users\OP PC 03\AppData\Local\Programs\Python\Python310\Lib\site-packages\axes\admin.py first seen with mtime 1652871974.968766
File C:\Users\OP PC 03\AppData\Local\Programs\Python\Python310\Lib\genericpath.py first seen with mtime 1648057904.0
File C:\Users\OP PC 03\AppData\Local\Programs\Python\Python310\Lib\site-packages\django\utils\duration.py first seen with mtime 1652871884.259794
File C:\Users\OP PC 03\AppData\Local\Programs\Python\Python310\Lib\random.py first seen with mtime 1648057904.0
File C:\Users\OP PC 03\AppData\Local\Programs\Python\Python310\Lib\asyncio\sslproto.py first seen with mtime 1648057904.0
File C:\Users\OP PC 03\AppData\Local\Programs\Python\Python310\Lib\email\base64mime.py first seen with mtime 1648057904.0
File C:\Users\OP PC 03\AppData\Local\Programs\Python\Python310\Lib\site-packages\django\contrib\contenttypes\management\__init__.py first seen with mtime 1652871882.9316726
File C:\Users\OP PC 03\AppData\Local\Programs\Python\Python310\DLLs\_bz2.pyd first seen with mtime 1648057940.0
File C:\Users\OP PC 03\AppData\Local\Programs\Python\Python310\Lib\site-packages\django\utils\deconstruct.py first seen with mtime 1652871884.259794
File C:\Users\OP PC 03\AppData\Local\Programs\Python\Python310\Lib\site-packages\sqlparse\engine\__init__.py first seen with mtime 1646728966.375571
File C:\Users\OP PC 03\AppData\Local\Programs\Python\Python310\Lib\site-packages\django\contrib\auth\forms.py first seen with mtime 1652871882.6504195
File C:\Users\OP PC 03\AppData\Local\Programs\Python\Python310\Lib\site-packages\django\contrib\admin\views\__init__.py first seen with mtime 1652871882.4785447
File C:\Users\OP PC 03\AppData\Local\Programs\Python\Python310\Lib\bz2.py first seen with mtime 1648057904.0
File C:\Users\OP PC 03\AppData\Local\Programs\Python\Python310\Lib\site-packages\sqlparse\engine\filter_stack.py first seen with mtime 1646728966.375571
File C:\Users\OP PC 03\AppData\Local\Programs\Python\Python310\Lib\encodings\utf_16_be.py first seen with mtime 1648057904.0
File C:\Users\OP PC 03\AppData\Local\Programs\Python\Python310\Lib\site-packages\django\contrib\contenttypes\forms.py first seen with mtime 1652871882.8066697
File C:\Users\OP PC 03\AppData\Local\Programs\Python\Python310\Lib\bisect.py first seen with mtime 1648057904.0
File C:\Users\OP PC 03\AppData\Local\Programs\Python\Python310\Lib\site-packages\django\contrib\sessions\base_session.py first seen with mtime 1652871883.7285447
File C:\Users\OP PC 03\AppData\Local\Programs\Python\Python310\Lib\site-packages\django\views\generic\dates.py first seen with mtime 1652871884.291045
File C:\Users\OP PC 03\AppData\Local\Programs\Python\Python310\Lib\site-packages\django\db\models\manager.py first seen with mtime 1652871884.1347954
File C:\Users\OP PC 03\AppData\Local\Programs\Python\Python310\Lib\site-packages\django\db\backends\sqlite3\operations.py first seen with mtime 1652871884.119171
File C:\Users\OP PC 03\AppData\Local\Programs\Python\Python310\Lib\re.py first seen with mtime 1648057904.0
File C:\Users\OP PC 03\AppData\Local\Programs\Python\Python310\Lib\site-packages\django\contrib\admin\templatetags\admin_list.py first seen with mtime 1652871882.4785447
File C:\Users\OP PC 03\AppData\Local\Programs\Python\Python310\Lib\site-packages\pkg_resources\_vendor\packaging\markers.py first seen with mtime 1646728553.5932047
File C:\Users\OP PC 03\AppData\Local\Programs\Python\Python310\Lib\site-packages\ipware\ip.py first seen with mtime 1652871974.9218607
File C:\Users\OP PC 03\AppData\Local\Programs\Python\Python310\Lib\site-packages\django\core\serializers\base.py first seen with mtime 1652871884.0879197
File C:\Users\OP PC 03\AppData\Local\Programs\Python\Python310\Lib\site-packages\django\db\models\__init__.py first seen with mtime 1652871884.1347954
File C:\Users\OP PC 03\AppData\Local\Programs\Python\Python310\Lib\pickle.py first seen with mtime 1648057904.0
File C:\Users\OP PC 03\AppData\Local\Programs\Python\Python310\Lib\sqlite3\dbapi2.py first seen with mtime 1648057904.0
File C:\Users\OP PC 03\AppData\Local\Programs\Python\Python310\Lib\site-packages\sqlparse\filters\others.py first seen with mtime 1646728966.3785627
File C:\Users\OP PC 03\Downloads\wetransfer_ee_2022-05-11_0710\Django-Invoice-new1\Django-Invoice-new\invoice\views.py first seen with mtime 1653115404.968806
File C:\Users\OP PC 03\AppData\Local\Programs\Python\Python310\Lib\site-packages\django\contrib\admin\templatetags\admin_modify.py first seen with mtime 1652871882.4785447
File C:\Users\OP PC 03\AppData\Local\Programs\Python\Python310\Lib\site-packages\django\db\__init__.py first seen with mtime 1652871884.0879197
File C:\Users\OP PC 03\AppData\Local\Programs\Python\Python310\Lib\site-packages\django\template\loaders\__init__.py first seen with mtime 1652871884.2285435
File C:\Users\OP PC 03\AppData\Local\Programs\Python\Python310\Lib\email\_policybase.py first seen with mtime 1648057904.0
File C:\Users\OP PC 03\AppData\Local\Programs\Python\Python310\Lib\wsgiref\headers.py first seen with mtime 1648057906.0
File C:\Users\OP PC 03\AppData\Local\Programs\Python\Python310\Lib\encodings\aliases.py first seen with mtime 1648057904.0
File C:\Users\OP PC 03\AppData\Local\Programs\Python\Python310\Lib\site-packages\django\utils\translation\__init__.py first seen with mtime 1652871884.275419
File C:\Users\OP PC 03\AppData\Local\Programs\Python\Python310\Lib\site-packages\bleach\_vendor\html5lib\filters\__init__.py first seen with mtime 1652872002.0012524
File C:\Users\OP PC 03\AppData\Local\Programs\Python\Python310\Lib\site-packages\sqlparse\filters\output.py first seen with mtime 1646728966.3785627
File C:\Users\OP PC 03\AppData\Local\Programs\Python\Python310\Lib\site-packages\django\views\decorators\cache.py first seen with mtime 1652871884.291045
File C:\Users\OP PC 03\AppData\Local\Programs\Python\Python310\Lib\site-packages\bleach\_vendor\html5lib\_utils.py first seen with mtime 1652872001.9856284
File C:\Users\OP PC 03\AppData\Local\Programs\Python\Python310\Lib\email\header.py first seen with mtime 1648057904.0
File C:\Users\OP PC 03\AppData\Local\Programs\Python\Python310\Lib\hmac.py first seen with mtime 1648057904.0
File C:\Users\OP PC 03\AppData\Local\Programs\Python\Python310\Lib\site-packages\django\views\i18n.py first seen with mtime 1652871884.275419
File C:\Users\OP PC 03\AppData\Local\Programs\Python\Python310\Lib\site-packages\django\forms\models.py first seen with mtime 1652871884.1660447
File C:\Users\OP PC 03\AppData\Local\Programs\Python\Python310\Lib\asyncio\locks.py first seen with mtime 1648057904.0
File C:\Users\OP PC 03\AppData\Local\Programs\Python\Python310\Lib\site-packages\django\db\backends\base\creation.py first seen with mtime 1652871884.0879197
File C:\Users\OP PC 03\AppData\Local\Programs\Python\Python310\Lib\site-packages\django\db\models\sql\subqueries.py first seen with mtime 1652871884.1660447
File C:\Users\OP PC 03\AppData\Local\Programs\Python\Python310\Lib\site-packages\django\utils\module_loading.py first seen with mtime 1652871884.275419
File C:\Users\OP PC 03\AppData\Local\Programs\Python\Python310\Lib\numbers.py first seen with mtime 1648057904.0
File C:\Users\OP PC 03\AppData\Local\Programs\Python\Python310\Lib\sysconfig.py first seen with mtime 1648057904.0
File C:\Users\OP PC 03\AppData\Local\Programs\Python\Python310\Lib\gzip.py first seen with mtime 1648057904.0
File C:\Users\OP PC 03\AppData\Local\Programs\Python\Python310\Lib\site-packages\django\views\generic\edit.py first seen with mtime 1652871884.291045
File C:\Users\OP PC 03\AppData\Local\Programs\Python\Python310\Lib\site-packages\django\core\checks\security\csrf.py first seen with mtime 1652871884.0566697
File C:\Users\OP PC 03\AppData\Local\Programs\Python\Python310\Lib\secrets.py first seen with mtime 1648057904.0
File C:\Users\OP PC 03\AppData\Local\Programs\Python\Python310\Lib\codecs.py first seen with mtime 1648057904.0
File C:\Users\OP PC 03\AppData\Local\Programs\Python\Python310\Lib\site-packages\django\views\generic\detail.py first seen with mtime 1652871884.291045
File C:\Users\OP PC 03\AppData\Local\Programs\Python\Python310\Lib\site-packages\django\utils\termcolors.py first seen with mtime 1652871884.275419
File C:\Users\OP PC 03\AppData\Local\Programs\Python\Python310\Lib\site-packages\django\views\decorators\common.py first seen with mtime 1652871884.291045
File C:\Users\OP PC 03\AppData\Local\Programs\Python\Python310\Lib\xml\sax\handler.py first seen with mtime 1648057906.0
File C:\Users\OP PC 03\AppData\Local\Programs\Python\Python310\Lib\site-packages\django\contrib\auth\mixins.py first seen with mtime 1652871882.6504195
File C:\Users\OP PC 03\AppData\Local\Programs\Python\Python310\Lib\asyncio\__init__.py first seen with mtime 1648057904.0
File C:\Users\OP PC 03\AppData\Local\Programs\Python\Python310\Lib\site-packages\pkg_resources\_vendor\packaging\version.py first seen with mtime 1646728553.6171684
File C:\Users\OP PC 03\AppData\Local\Programs\Python\Python310\Lib\site-packages\django\contrib\auth\hashers.py first seen with mtime 1652871882.6504195
File C:\Users\OP PC 03\AppData\Local\Programs\Python\Python310\Lib\site-packages\sqlparse\sql.py first seen with mtime 1646728966.3735764
File C:\Users\OP PC 03\AppData\Local\Programs\Python\Python310\Lib\site-packages\django\utils\ipv6.py first seen with mtime 1652871884.259794
File C:\Users\OP PC 03\AppData\Local\Programs\Python\Python310\Lib\site-packages\django\contrib\sites\__init__.py first seen with mtime 1652871883.884797
File C:\Users\OP PC 03\AppData\Local\Programs\Python\Python310\Lib\asyncio\transports.py first seen with mtime 1648057904.0
File C:\Users\OP PC 03\AppData\Local\Programs\Python\Python310\Lib\site-packages\django\forms\__init__.py first seen with mtime 1652871884.1660447
File C:\Users\OP PC 03\AppData\Local\Programs\Python\Python310\Lib\site-packages\django\forms\fields.py first seen with mtime 1652871884.1660447
File C:\Users\OP PC 03\AppData\Local\Programs\Python\Python310\Lib\copy.py first seen with mtime 1648057904.0
File C:\Users\OP PC 03\AppData\Local\Programs\Python\Python310\Lib\site-packages\django\contrib\auth\middleware.py first seen with mtime 1652871882.6504195
File C:\Users\OP PC 03\AppData\Local\Programs\Python\Python310\Lib\site-packages\django\middleware\cache.py first seen with mtime 1652871884.212918
File C:\Users\OP PC 03\AppData\Local\Programs\Python\Python310\Lib\asyncio\streams.py first seen with mtime 1648057904.0
File C:\Users\OP PC 03\AppData\Local\Programs\Python\Python310\Lib\site-packages\django\db\models\constraints.py first seen with mtime 1652871884.1347954
File C:\Users\OP PC 03\AppData\Local\Programs\Python\Python310\Lib\site-packages\django\templatetags\l10n.py first seen with mtime 1652871884.2441688
File C:\Users\OP PC 03\AppData\Local\Programs\Python\Python310\Lib\site-packages\django\urls\__init__.py first seen with mtime 1652871884.2441688
File C:\Users\OP PC 03\AppData\Local\Programs\Python\Python310\Lib\site-packages\django\contrib\admin\actions.py first seen with mtime 1652871882.1035447
File C:\Users\OP PC 03\AppData\Local\Programs\Python\Python310\Lib\site-packages\django\core\servers\__init__.py first seen with mtime 1652871884.0879197
File C:\Users\OP PC 03\AppData\Local\Programs\Python\Python310\Lib\locale.py first seen with mtime 1648057904.0
File C:\Users\OP PC 03\AppData\Local\Programs\Python\Python310\Lib\urllib\error.py first seen with mtime 1648057906.0
File C:\Users\OP PC 03\AppData\Local\Programs\Python\Python310\Lib\site-packages\django\utils\hashable.py first seen with mtime 1652871884.259794
File C:\Users\OP PC 03\AppData\Local\Programs\Python\Python310\Lib\site-packages\django\core\handlers\asgi.py first seen with mtime 1652871884.0566697
File C:\Users\OP PC 03\AppData\Local\Programs\Python\Python310\Lib\site-packages\django\contrib\auth\checks.py first seen with mtime 1652871882.634793
File C:\Users\OP PC 03\AppData\Local\Programs\Python\Python310\Lib\site-packages\django\utils\topological_sort.py first seen with mtime 1652871884.275419
File C:\Users\OP PC 03\AppData\Local\Programs\Python\Python310\Lib\site-packages\django\core\serializers\json.py first seen with mtime 1652871884.0879197
File C:\Users\OP PC 03\AppData\Local\Programs\Python\Python310\Lib\site-packages\django\contrib\contenttypes\checks.py first seen with mtime 1652871882.8066697
File C:\Users\OP PC 03\AppData\Local\Programs\Python\Python310\Lib\site-packages\axes\conf.py first seen with mtime 1652871974.968766
File C:\Users\OP PC 03\AppData\Local\Programs\Python\Python310\Lib\asyncio\queues.py first seen with mtime 1648057904.0
File C:\Users\OP PC 03\AppData\Local\Programs\Python\Python310\Lib\site-packages\django\core\checks\registry.py first seen with mtime 1652871884.041074
File C:\Users\OP PC 03\AppData\Local\Programs\Python\Python310\Lib\site-packages\django\db\models\functions\__init__.py first seen with mtime 1652871884.1504192
File C:\Users\OP PC 03\AppData\Local\Programs\Python\Python310\Lib\unittest\runner.py first seen with mtime 1648057904.0
File C:\Users\OP PC 03\AppData\Local\Programs\Python\Python310\Lib\site-packages\django\template\backends\base.py first seen with mtime 1652871884.2285435
File C:\Users\OP PC 03\AppData\Local\Programs\Python\Python310\Lib\email\mime\nonmultipart.py first seen with mtime 1648057904.0
File C:\Users\OP PC 03\AppData\Local\Programs\Python\Python310\DLLs\_uuid.pyd first seen with mtime 1648057940.0
File C:\Users\OP PC 03\AppData\Local\Programs\Python\Python310\Lib\linecache.py first seen with mtime 1648057904.0
File C:\Users\OP PC 03\AppData\Local\Programs\Python\Python310\Lib\unittest\case.py first seen with mtime 1648057904.0
File C:\Users\OP PC 03\AppData\Local\Programs\Python\Python310\Lib\site-packages\django\contrib\admin\views\autocomplete.py first seen with mtime 1652871882.4785447
File C:\Users\OP PC 03\AppData\Local\Programs\Python\Python310\Lib\email\parser.py first seen with mtime 1648057904.0
File C:\Users\OP PC 03\AppData\Local\Programs\Python\Python310\DLLs\_asyncio.pyd first seen with mtime 1648057942.0
File C:\Users\OP PC 03\AppData\Local\Programs\Python\Python310\Lib\site-packages\pkg_resources\_vendor\packaging\_compat.py first seen with mtime 1646728553.5772746
File C:\Users\OP PC 03\AppData\Local\Programs\Python\Python310\Lib\contextvars.py first seen with mtime 1648057904.0
File C:\Users\OP PC 03\Downloads\wetransfer_ee_2022-05-11_0710\Django-Invoice-new1\Django-Invoice-new\mysite\settings.py first seen with mtime 1653050519.5294683
File C:\Users\OP PC 03\AppData\Local\Programs\Python\Python310\Lib\site-packages\django\db\models\functions\window.py first seen with mtime 1652871884.1504192
File C:\Users\OP PC 03\AppData\Local\Programs\Python\Python310\Lib\site-packages\django\middleware\common.py first seen with mtime 1652871884.212918
File C:\Users\OP PC 03\AppData\Local\Programs\Python\Python310\Lib\site-packages\django\contrib\humanize\apps.py first seen with mtime 1652871883.3379433
File C:\Users\OP PC 03\AppData\Local\Programs\Python\Python310\Lib\site-packages\django\views\decorators\csrf.py first seen with mtime 1652871884.291045
File C:\Users\OP PC 03\AppData\Local\Programs\Python\Python310\Lib\site-packages\django\contrib\staticfiles\finders.py first seen with mtime 1652871884.0254192
File C:\Users\OP PC 03\AppData\Local\Programs\Python\Python310\Lib\typing.py first seen with mtime 1648057904.0
File C:\Users\OP PC 03\AppData\Local\Programs\Python\Python310\Lib\unittest\util.py first seen with mtime 1648057906.0
File C:\Users\OP PC 03\AppData\Local\Programs\Python\Python310\Lib\site-packages\django\http\response.py first seen with mtime 1652871884.212918
File C:\Users\OP PC 03\AppData\Local\Programs\Python\Python310\Lib\unittest\main.py first seen with mtime 1648057904.0
File C:\Users\OP PC 03\AppData\Local\Programs\Python\Python310\Lib\socketserver.py first seen with mtime 1648057904.0
File C:\Users\OP PC 03\AppData\Local\Programs\Python\Python310\Lib\enum.py first seen with mtime 1648057904.0
File C:\Users\OP PC 03\AppData\Local\Programs\Python\Python310\Lib\site-packages\django\utils\safestring.py first seen with mtime 1652871884.275419
File C:\Users\OP PC 03\AppData\Local\Programs\Python\Python310\Lib\site-packages\django\db\backends\utils.py first seen with mtime 1652871884.0879197
File C:\Users\OP PC 03\AppData\Local\Programs\Python\Python310\Lib\site-packages\django\core\checks\security\base.py first seen with mtime 1652871884.0566697
File C:\Users\OP PC 03\AppData\Local\Programs\Python\Python310\Lib\html\entities.py first seen with mtime 1648057904.0
File C:\Users\OP PC 03\AppData\Local\Programs\Python\Python310\Lib\site-packages\django\contrib\auth\apps.py first seen with mtime 1652871882.634793
File C:\Users\OP PC 03\AppData\Local\Programs\Python\Python310\Lib\site-packages\sqlparse\exceptions.py first seen with mtime 1646728966.3715806
File C:\Users\OP PC 03\AppData\Local\Programs\Python\Python310\Lib\site-packages\bleach\_vendor\html5lib\filters\sanitizer.py first seen with mtime 1652872002.0012524
File C:\Users\OP PC 03\AppData\Local\Programs\Python\Python310\Lib\site-packages\django\contrib\auth\management\__init__.py first seen with mtime 1652871882.7910442
File C:\Users\OP PC 03\AppData\Local\Programs\Python\Python310\Lib\site-packages\django\core\mail\message.py first seen with mtime 1652871884.0566697
File C:\Users\OP PC 03\AppData\Local\Programs\Python\Python310\Lib\dataclasses.py first seen with mtime 1648057904.0
File C:\Users\OP PC 03\AppData\Local\Programs\Python\Python310\Lib\site-packages\django\template\smartif.py first seen with mtime 1652871884.2285435
File C:\Users\OP PC 03\AppData\Local\Programs\Python\Python310\Lib\site-packages\bleach\_vendor\html5lib\__init__.py first seen with mtime 1652872001.9856284
File C:\Users\OP PC 03\AppData\Local\Programs\Python\Python310\Lib\site-packages\axes\signals.py first seen with mtime 1652871974.968766
File C:\Users\OP PC 03\AppData\Local\Programs\Python\Python310\Lib\dis.py first seen with mtime 1648057904.0
File C:\Users\OP PC 03\AppData\Local\Programs\Python\Python310\Lib\site-packages\django\db\models\fields\related_descriptors.py first seen with mtime 1652871884.1504192
File C:\Users\OP PC 03\AppData\Local\Programs\Python\Python310\Lib\site-packages\django\db\backends\base\features.py first seen with mtime 1652871884.1035454
File C:\Users\OP PC 03\AppData\Local\Programs\Python\Python310\Lib\queue.py first seen with mtime 1648057904.0
File C:\Users\OP PC 03\AppData\Local\Programs\Python\Python310\Lib\site-packages\pdfkit\__init__.py first seen with mtime 1652871989.2657874
File C:\Users\OP PC 03\AppData\Local\Programs\Python\Python310\Lib\site-packages\sqlparse\tokens.py first seen with mtime 1646728966.3735764
File C:\Users\OP PC 03\AppData\Local\Programs\Python\Python310\Lib\site-packages\django\views\generic\__init__.py first seen with mtime 1652871884.291045
File C:\Users\OP PC 03\AppData\Local\Programs\Python\Python310\Lib\asyncio\subprocess.py first seen with mtime 1648057904.0
File C:\Users\OP PC 03\AppData\Local\Programs\Python\Python310\Lib\site-packages\pkg_resources\_vendor\packaging\_structures.py first seen with mtime 1646728553.5822554
File C:\Users\OP PC 03\AppData\Local\Programs\Python\Python310\Lib\site-packages\django\__init__.py first seen with mtime 1652871881.853574
File C:\Users\OP PC 03\AppData\Local\Programs\Python\Python310\Lib\site-packages\django\contrib\sessions\models.py first seen with mtime 1652871883.7441695
File C:\Users\OP PC 03\AppData\Local\Programs\Python\Python310\Lib\site-packages\django\template\utils.py first seen with mtime 1652871884.2285435
File C:\Users\OP PC 03\AppData\Local\Programs\Python\Python310\Lib\site-packages\django\core\wsgi.py first seen with mtime 1652871884.041074
File C:\Users\OP PC 03\AppData\Local\Programs\Python\Python310\Lib\importlib\machinery.py first seen with mtime 1648057904.0
File C:\Users\OP PC 03\AppData\Local\Programs\Python\Python310\Lib\sqlite3\__init__.py first seen with mtime 1648057904.0
File C:\Users\OP PC 03\AppData\Local\Programs\Python\Python310\Lib\site-packages\django\dispatch\dispatcher.py first seen with mtime 1652871884.1660447
File C:\Users\OP PC 03\AppData\Local\Programs\Python\Python310\Lib\heapq.py first seen with mtime 1648057904.0
File C:\Users\OP PC 03\AppData\Local\Programs\Python\Python310\Lib\opcode.py first seen with mtime 1648057904.0
File C:\Users\OP PC 03\AppData\Local\Programs\Python\Python310\Lib\site-packages\django\db\models\enums.py first seen with mtime 1652871884.1347954
File C:\Users\OP PC 03\AppData\Local\Programs\Python\Python310\Lib\site-packages\django\utils\version.py first seen with mtime 1652871884.275419
File C:\Users\OP PC 03\AppData\Local\Programs\Python\Python310\Lib\traceback.py first seen with mtime 1648057904.0
File C:\Users\OP PC 03\AppData\Local\Programs\Python\Python310\Lib\ast.py first seen with mtime 1648057904.0
File C:\Users\OP PC 03\AppData\Local\Programs\Python\Python310\Lib\site-packages\django\db\models\fields\proxy.py first seen with mtime 1652871884.1504192
File C:\Users\OP PC 03\AppData\Local\Programs\Python\Python310\Lib\glob.py first seen with mtime 1648057904.0
File C:\Users\OP PC 03\AppData\Local\Programs\Python\Python310\Lib\site-packages\django\contrib\auth\models.py first seen with mtime 1652871882.6504195
File C:\Users\OP PC 03\AppData\Local\Programs\Python\Python310\Lib\site-packages\django\contrib\admin\exceptions.py first seen with mtime 1652871882.1035447
File C:\Users\OP PC 03\AppData\Local\Programs\Python\Python310\Lib\functools.py first seen with mtime 1648057904.0
File C:\Users\OP PC 03\Downloads\wetransfer_ee_2022-05-11_0710\Django-Invoice-new1\Django-Invoice-new\invoice\apps.py first seen with mtime 1650469976.0
File C:\Users\OP PC 03\AppData\Local\Programs\Python\Python310\Lib\site-packages\django\db\backends\base\validation.py first seen with mtime 1652871884.1035454
File C:\Users\OP PC 03\AppData\Local\Programs\Python\Python310\Lib\site-packages\django\template\base.py first seen with mtime 1652871884.2285435
File C:\Users\OP PC 03\AppData\Local\Programs\Python\Python310\Lib\statistics.py first seen with mtime 1648057904.0
File C:\Users\OP PC 03\Downloads\wetransfer_ee_2022-05-11_0710\Django-Invoice-new1\Django-Invoice-new\invoice\urls.py first seen with mtime 1653026529.975341
File C:\Users\OP PC 03\AppData\Local\Programs\Python\Python310\Lib\ctypes\_endian.py first seen with mtime 1648057904.0
File C:\Users\OP PC 03\AppData\Local\Programs\Python\Python310\Lib\site-packages\django\db\models\deletion.py first seen with mtime 1652871884.1347954
File C:\Users\OP PC 03\AppData\Local\Programs\Python\Python310\Lib\site-packages\django\utils\numberformat.py first seen with mtime 1652871884.275419
File C:\Users\OP PC 03\AppData\Local\Programs\Python\Python310\Lib\concurrent\futures\thread.py first seen with mtime 1648057904.0
File C:\Users\OP PC 03\AppData\Local\Programs\Python\Python310\Lib\site-packages\django\core\servers\basehttp.py first seen with mtime 1652871884.0879197
File C:\Users\OP PC 03\AppData\Local\Programs\Python\Python310\Lib\urllib\__init__.py first seen with mtime 1648057906.0
File C:\Users\OP PC 03\AppData\Local\Programs\Python\Python310\Lib\site-packages\django\db\models\functions\math.py first seen with mtime 1652871884.1504192
File C:\Users\OP PC 03\AppData\Local\Programs\Python\Python310\Lib\site-packages\django\db\models\query.py first seen with mtime 1652871884.1504192
File C:\Users\OP PC 03\AppData\Local\Programs\Python\Python310\Lib\site-packages\django\contrib\humanize\__init__.py first seen with mtime 1652871883.3379433
File C:\Users\OP PC 03\AppData\Local\Programs\Python\Python310\Lib\site-packages\django\core\cache\__init__.py first seen with mtime 1652871884.041074
File C:\Users\OP PC 03\AppData\Local\Programs\Python\Python310\Lib\site-packages\sqlparse\lexer.py first seen with mtime 1646728966.3725793
File C:\Users\OP PC 03\AppData\Local\Programs\Python\Python310\Lib\site-packages\django\core\cache\backends\base.py first seen with mtime 1652871884.041074
File C:\Users\OP PC 03\AppData\Local\Programs\Python\Python310\Lib\site.py first seen with mtime 1648057904.0
File C:\Users\OP PC 03\AppData\Local\Programs\Python\Python310\Lib\site-packages\django\template\engine.py first seen with mtime 1652871884.2285435
File C:\Users\OP PC 03\AppData\Local\Programs\Python\Python310\Lib\platform.py first seen with mtime 1648057904.0
File C:\Users\OP PC 03\AppData\Local\Programs\Python\Python310\Lib\unittest\signals.py first seen with mtime 1648057904.0
File C:\Users\OP PC 03\AppData\Local\Programs\Python\Python310\Lib\email\_encoded_words.py first seen with mtime 1648057904.0
File C:\Users\OP PC 03\AppData\Local\Programs\Python\Python310\Lib\site-packages\django\db\backends\sqlite3\creation.py first seen with mtime 1652871884.119171
File C:\Users\OP PC 03\AppData\Local\Programs\Python\Python310\Lib\site-packages\django\contrib\auth\__init__.py first seen with mtime 1652871882.634793
File C:\Users\OP PC 03\AppData\Local\Programs\Python\Python310\Lib\site-packages\bleach\_vendor\__init__.py first seen with mtime 1652872001.9856284
File C:\Users\OP PC 03\AppData\Local\Programs\Python\Python310\DLLs\select.pyd first seen with mtime 1648057940.0
File C:\Users\OP PC 03\AppData\Local\Programs\Python\Python310\Lib\site-packages\django\utils\autoreload.py first seen with mtime 1652871884.259794
File C:\Users\OP PC 03\AppData\Local\Programs\Python\Python310\Lib\email\encoders.py first seen with mtime 1648057904.0
File C:\Users\OP PC 03\AppData\Local\Programs\Python\Python310\Lib\urllib\response.py first seen with mtime 1648057906.0
File C:\Users\OP PC 03\AppData\Local\Programs\Python\Python310\Lib\email\mime\text.py first seen with mtime 1648057904.0
File C:\Users\OP PC 03\AppData\Local\Programs\Python\Python310\Lib\site-packages\asgiref\local.py first seen with mtime 1646728966.5949838
File C:\Users\OP PC 03\AppData\Local\Programs\Python\Python310\Lib\site-packages\django\contrib\admin\options.py first seen with mtime 1652871882.1035447
File C:\Users\OP PC 03\AppData\Local\Programs\Python\Python310\Lib\site-packages\django\core\management\base.py first seen with mtime 1652871884.0722942
File C:\Users\OP PC 03\AppData\Local\Programs\Python\Python310\Lib\site-packages\django\contrib\contenttypes\views.py first seen with mtime 1652871882.8066697
File C:\Users\OP PC 03\AppData\Local\Programs\Python\Python310\Lib\site-packages\django\views\__init__.py first seen with mtime 1652871884.275419
File C:\Users\OP PC 03\AppData\Local\Programs\Python\Python310\Lib\site-packages\django\core\files\base.py first seen with mtime 1652871884.0566697
File C:\Users\OP PC 03\AppData\Local\Programs\Python\Python310\Lib\site-packages\django\db\models\sql\constants.py first seen with mtime 1652871884.1504192
File C:\Users\OP PC 03\AppData\Local\Programs\Python\Python310\Lib\site-packages\django\core\serializers\__init__.py first seen with mtime 1652871884.0879197
File C:\Users\OP PC 03\AppData\Local\Programs\Python\Python310\Lib\site-packages\sqlparse\cli.py first seen with mtime 1646728966.3705833
File C:\Users\OP PC 03\AppData\Local\Programs\Python\Python310\DLLs\_elementtree.pyd first seen with mtime 1648057942.0
File C:\Users\OP PC 03\AppData\Local\Programs\Python\Python310\Lib\site-packages\sqlparse\engine\statement_splitter.py first seen with mtime 1646728966.3765683
File C:\Users\OP PC 03\AppData\Local\Programs\Python\Python310\Lib\site-packages\django\contrib\auth\backends.py first seen with mtime 1652871882.634793
File C:\Users\OP PC 03\Downloads\wetransfer_ee_2022-05-11_0710\Django-Invoice-new1\Django-Invoice-new\invoice\models.py first seen with mtime 1652681964.3229702
File C:\Users\OP PC 03\AppData\Local\Programs\Python\Python310\Lib\abc.py first seen with mtime 1648057904.0
File C:\Users\OP PC 03\AppData\Local\Programs\Python\Python310\Lib\site-packages\django\core\files\storage.py first seen with mtime 1652871884.0566697
File C:\Users\OP PC 03\AppData\Local\Programs\Python\Python310\Lib\asyncio\coroutines.py first seen with mtime 1648057904.0
File C:\Users\OP PC 03\AppData\Local\Programs\Python\Python310\Lib\email\feedparser.py first seen with mtime 1648057904.0
File C:\Users\OP PC 03\AppData\Local\Programs\Python\Python310\Lib\weakref.py first seen with mtime 1648057906.0
File C:\Users\OP PC 03\AppData\Local\Programs\Python\Python310\Lib\selectors.py first seen with mtime 1648057904.0
File C:\Users\OP PC 03\AppData\Local\Programs\Python\Python310\Lib\site-packages\django\db\models\indexes.py first seen with mtime 1652871884.1347954
File C:\Users\OP PC 03\AppData\Local\Programs\Python\Python310\Lib\site-packages\django\apps\registry.py first seen with mtime 1652871881.853574
File C:\Users\OP PC 03\AppData\Local\Programs\Python\Python310\Lib\site-packages\django\conf\urls\__init__.py first seen with mtime 1652871882.1035447
File C:\Users\OP PC 03\AppData\Local\Programs\Python\Python310\Lib\site-packages\axes\exceptions.py first seen with mtime 1652871974.968766
File C:\Users\OP PC 03\AppData\Local\Programs\Python\Python310\Lib\xml\etree\__init__.py first seen with mtime 1648057906.0
File C:\Users\OP PC 03\AppData\Local\Programs\Python\Python310\Lib\site-packages\axes\handlers\proxy.py first seen with mtime 1652871974.968766
File C:\Users\OP PC 03\AppData\Local\Programs\Python\Python310\Lib\asyncio\threads.py first seen with mtime 1648057904.0
File C:\Users\OP PC 03\AppData\Local\Programs\Python\Python310\Lib\site-packages\django\contrib\admin\templatetags\admin_urls.py first seen with mtime 1652871882.4785447
File C:\Users\OP PC 03\AppData\Local\Programs\Python\Python310\Lib\calendar.py first seen with mtime 1648057904.0
File C:\Users\OP PC 03\AppData\Local\Programs\Python\Python310\Lib\site-packages\django\core\management\commands\runserver.py first seen with mtime 1652871884.0722942
File C:\Users\OP PC 03\AppData\Local\Programs\Python\Python310\Lib\site-packages\django\core\handlers\exception.py first seen with mtime 1652871884.0566697
File C:\Users\OP PC 03\AppData\Local\Programs\Python\Python310\Lib\site-packages\bleach\_vendor\html5lib\treewalkers\__init__.py first seen with mtime 1652872002.0012524
File C:\Users\OP PC 03\AppData\Local\Programs\Python\Python310\Lib\site-packages\django\template\loaders\filesystem.py first seen with mtime 1652871884.2441688
File C:\Users\OP PC 03\AppData\Local\Programs\Python\Python310\Lib\email\contentmanager.py first seen with mtime 1648057904.0
File C:\Users\OP PC 03\AppData\Local\Programs\Python\Python310\Lib\site-packages\pkg_resources\__init__.py first seen with mtime 1646728553.5353868
File C:\Users\OP PC 03\AppData\Local\Programs\Python\Python310\Lib\email\message.py first seen with mtime 1648057904.0
File C:\Users\OP PC 03\AppData\Local\Programs\Python\Python310\Lib\site-packages\sqlparse\filters\right_margin.py first seen with mtime 1646728966.3805575
File C:\Users\OP PC 03\AppData\Local\Programs\Python\Python310\DLLs\_zoneinfo.pyd first seen with mtime 1648057942.0
File C:\Users\OP PC 03\AppData\Local\Programs\Python\Python310\DLLs\unicodedata.pyd first seen with mtime 1648057942.0
File C:\Users\OP PC 03\AppData\Local\Programs\Python\Python310\Lib\email\headerregistry.py first seen with mtime 1648057904.0
File C:\Users\OP PC 03\Downloads\wetransfer_ee_2022-05-11_0710\Django-Invoice-new1\Django-Invoice-new\invoice\__init__.py first seen with mtime 1650469976.0
File C:\Users\OP PC 03\AppData\Local\Programs\Python\Python310\Lib\site-packages\bleach\_vendor\html5lib\_inputstream.py first seen with mtime 1652872001.9856284
File C:\Users\OP PC 03\AppData\Local\Programs\Python\Python310\Lib\site-packages\django\views\defaults.py first seen with mtime 1652871884.275419
File C:\Users\OP PC 03\AppData\Local\Programs\Python\Python310\Lib\site-packages\django\contrib\staticfiles\management\commands\__init__.py first seen with mtime 1652871884.0254192
File C:\Users\OP PC 03\AppData\Local\Programs\Python\Python310\Lib\site-packages\bleach\_vendor\html5lib\_tokenizer.py first seen with mtime 1652872001.9856284
File C:\Users\OP PC 03\AppData\Local\Programs\Python\Python310\Lib\site-packages\django\db\models\sql\datastructures.py first seen with mtime 1652871884.1504192
File C:\Users\OP PC 03\AppData\Local\Programs\Python\Python310\Lib\site-packages\django\core\handlers\base.py first seen with mtime 1652871884.0566697
File C:\Users\OP PC 03\AppData\Local\Programs\Python\Python310\Lib\site-packages\django\core\checks\urls.py first seen with mtime 1652871884.041074
File C:\Users\OP PC 03\AppData\Local\Programs\Python\Python310\DLLs\_ctypes.pyd first seen with mtime 1648057942.0
File C:\Users\OP PC 03\AppData\Local\Programs\Python\Python310\Lib\site-packages\django\db\models\signals.py first seen with mtime 1652871884.1504192
File C:\Users\OP PC 03\AppData\Local\Programs\Python\Python310\Lib\posixpath.py first seen with mtime 1648057904.0
File C:\Users\OP PC 03\AppData\Local\Programs\Python\Python310\Lib\__future__.py first seen with mtime 1648057904.0
File C:\Users\OP PC 03\AppData\Local\Programs\Python\Python310\Lib\ctypes\wintypes.py first seen with mtime 1648057904.0
File C:\Users\OP PC 03\AppData\Local\Programs\Python\Python310\Lib\site-packages\django\utils\inspect.py first seen with mtime 1652871884.259794
File C:\Users\OP PC 03\AppData\Local\Programs\Python\Python310\Lib\operator.py first seen with mtime 1648057904.0
File C:\Users\OP PC 03\AppData\Local\Programs\Python\Python310\Lib\quopri.py first seen with mtime 1648057904.0
File C:\Users\OP PC 03\AppData\Local\Programs\Python\Python310\Lib\xml\parsers\expat.py first seen with mtime 1648057906.0
File C:\Users\OP PC 03\AppData\Local\Programs\Python\Python310\Lib\site-packages\webencodings\__init__.py first seen with mtime 1652872001.923128
File C:\Users\OP PC 03\AppData\Local\Programs\Python\Python310\Lib\site-packages\six.py first seen with mtime 1652872001.9543788
File C:\Users\OP PC 03\AppData\Local\Programs\Python\Python310\Lib\textwrap.py first seen with mtime 1648057904.0
File C:\Users\OP PC 03\AppData\Local\Programs\Python\Python310\Lib\email\quoprimime.py first seen with mtime 1648057904.0
File C:\Users\OP PC 03\AppData\Local\Programs\Python\Python310\Lib\_compat_pickle.py first seen with mtime 1648057904.0
File C:\Users\OP PC 03\AppData\Local\Programs\Python\Python310\Lib\site-packages\django\views\decorators\debug.py first seen with mtime 1652871884.291045
File C:\Users\OP PC 03\AppData\Local\Programs\Python\Python310\Lib\site-packages\django\core\handlers\wsgi.py first seen with mtime 1652871884.0566697
File C:\Users\OP PC 03\AppData\Local\Programs\Python\Python310\DLLs\_hashlib.pyd first seen with mtime 1648057940.0
File C:\Users\OP PC 03\AppData\Local\Programs\Python\Python310\Lib\asyncio\base_subprocess.py first seen with mtime 1648057904.0
File C:\Users\OP PC 03\AppData\Local\Programs\Python\Python310\Lib\asyncio\futures.py first seen with mtime 1648057904.0
File C:\Users\OP PC 03\AppData\Local\Programs\Python\Python310\Lib\gettext.py first seen with mtime 1648057904.0
File C:\Users\OP PC 03\AppData\Local\Programs\Python\Python310\Lib\site-packages\asgiref\__init__.py first seen with mtime 1646728966.5939865
File C:\Users\OP PC 03\AppData\Local\Programs\Python\Python310\Lib\site-packages\django\http\request.py first seen with mtime 1652871884.212918
File C:\Users\OP PC 03\AppData\Local\Programs\Python\Python310\Lib\site-packages\django\contrib\messages\api.py first seen with mtime 1652871883.46292
File C:\Users\OP PC 03\Downloads\wetransfer_ee_2022-05-11_0710\Django-Invoice-new1\Django-Invoice-new\mysite\__init__.py first seen with mtime 1650469976.0
File C:\Users\OP PC 03\AppData\Local\Programs\Python\Python310\Lib\site-packages\django\db\models\functions\text.py first seen with mtime 1652871884.1504192
File C:\Users\OP PC 03\AppData\Local\Programs\Python\Python310\Lib\site-packages\django\urls\conf.py first seen with mtime 1652871884.2441688
File C:\Users\OP PC 03\AppData\Local\Programs\Python\Python310\Lib\site-packages\pkg_resources\_vendor\packaging\requirements.py first seen with mtime 1646728553.5972211
File C:\Users\OP PC 03\AppData\Local\Programs\Python\Python310\Lib\site-packages\django\contrib\admin\templatetags\log.py first seen with mtime 1652871882.4785447
File C:\Users\OP PC 03\AppData\Local\Programs\Python\Python310\Lib\site-packages\axes\checks.py first seen with mtime 1652871974.968766
File C:\Users\OP PC 03\AppData\Local\Programs\Python\Python310\Lib\site-packages\django\template\autoreload.py first seen with mtime 1652871884.2285435
File C:\Users\OP PC 03\AppData\Local\Programs\Python\Python310\Lib\wsgiref\simple_server.py first seen with mtime 1648057906.0
File C:\Users\OP PC 03\AppData\Local\Programs\Python\Python310\Lib\unittest\result.py first seen with mtime 1648057904.0
File C:\Users\OP PC 03\AppData\Local\Programs\Python\Python310\Lib\site-packages\django\contrib\auth\admin.py first seen with mtime 1652871882.634793
File C:\Users\OP PC 03\AppData\Local\Programs\Python\Python310\Lib\site-packages\django\core\checks\messages.py first seen with mtime 1652871884.041074
File C:\Users\OP PC 03\AppData\Local\Programs\Python\Python310\Lib\argparse.py first seen with mtime 1648057904.0
File C:\Users\OP PC 03\AppData\Local\Programs\Python\Python310\Lib\site-packages\django\utils\__init__.py first seen with mtime 1652871884.2441688
File C:\Users\OP PC 03\AppData\Local\Programs\Python\Python310\Lib\site-packages\django\utils\crypto.py first seen with mtime 1652871884.259794
File C:\Users\OP PC 03\AppData\Local\Programs\Python\Python310\Lib\site-packages\django\template\defaultfilters.py first seen with mtime 1652871884.2285435
File C:\Users\OP PC 03\AppData\Local\Programs\Python\Python310\Lib\email\_parseaddr.py first seen with mtime 1648057904.0
File C:\Users\OP PC 03\AppData\Local\Programs\Python\Python310\Lib\site-packages\django\db\backends\sqlite3\features.py first seen with mtime 1652871884.119171
File C:\Users\OP PC 03\AppData\Local\Programs\Python\Python310\Lib\site-packages\django\contrib\staticfiles\management\__init__.py first seen with mtime 1652871884.0254192
File C:\Users\OP PC 03\AppData\Local\Programs\Python\Python310\Lib\site-packages\django\db\migrations\exceptions.py first seen with mtime 1652871884.119171
File C:\Users\OP PC 03\AppData\Local\Programs\Python\Python310\Lib\json\decoder.py first seen with mtime 1648057904.0
File C:\Users\OP PC 03\AppData\Local\Programs\Python\Python310\Lib\site-packages\django\template\defaulttags.py first seen with mtime 1652871884.2285435
File C:\Users\OP PC 03\AppData\Local\Programs\Python\Python310\Lib\tempfile.py first seen with mtime 1648057904.0
File C:\Users\OP PC 03\AppData\Local\Programs\Python\Python310\Lib\site-packages\sqlparse\filters\aligned_indent.py first seen with mtime 1646728966.3775666
File C:\Users\OP PC 03\AppData\Local\Programs\Python\Python310\Lib\site-packages\sqlparse\utils.py first seen with mtime 1646728966.3745737
File C:\Users\OP PC 03\AppData\Local\Programs\Python\Python310\Lib\site-packages\bleach\html5lib_shim.py first seen with mtime 1652872001.9856284
File C:\Users\OP PC 03\AppData\Local\Programs\Python\Python310\Lib\site-packages\bleach\_vendor\html5lib\serializer.py first seen with mtime 1652872001.9856284
File C:\Users\OP PC 03\AppData\Local\Programs\Python\Python310\Lib\site-packages\django\contrib\staticfiles\checks.py first seen with mtime 1652871884.0254192
File C:\Users\OP PC 03\AppData\Local\Programs\Python\Python310\Lib\site-packages\django\core\checks\caches.py first seen with mtime 1652871884.041074
File C:\Users\OP PC 03\AppData\Local\Programs\Python\Python310\Lib\site-packages\django\template\loader.py first seen with mtime 1652871884.2285435
File C:\Users\OP PC 03\AppData\Local\Programs\Python\Python310\Lib\site-packages\django\templatetags\__init__.py first seen with mtime 1652871884.2441688
File C:\Users\OP PC 03\AppData\Local\Programs\Python\Python310\Lib\site-packages\django\db\migrations\operations\base.py first seen with mtime 1652871884.1347954
File C:\Users\OP PC 03\AppData\Local\Programs\Python\Python310\Lib\site-packages\django\utils\tree.py first seen with mtime 1652871884.275419
File C:\Users\OP PC 03\AppData\Local\Programs\Python\Python310\Lib\unittest\suite.py first seen with mtime 1648057904.0
File C:\Users\OP PC 03\AppData\Local\Programs\Python\Python310\Lib\base64.py first seen with mtime 1648057904.0
File C:\Users\OP PC 03\AppData\Local\Programs\Python\Python310\Lib\site-packages\django\db\models\functions\datetime.py first seen with mtime 1652871884.1504192
File C:\Users\OP PC 03\AppData\Local\Programs\Python\Python310\Lib\site-packages\axes\helpers.py first seen with mtime 1652871974.968766
File C:\Users\OP PC 03\AppData\Local\Programs\Python\Python310\Lib\site-packages\django\core\files\temp.py first seen with mtime 1652871884.0566697
File C:\Users\OP PC 03\AppData\Local\Programs\Python\Python310\Lib\site-packages\django\db\models\sql\where.py first seen with mtime 1652871884.1660447
File C:\Users\OP PC 03\AppData\Local\Programs\Python\Python310\Lib\lzma.py first seen with mtime 1648057904.0
File C:\Users\OP PC 03\AppData\Local\Programs\Python\Python310\Lib\warnings.py first seen with mtime 1648057906.0
File C:\Users\OP PC 03\AppData\Local\Programs\Python\Python310\Lib\site-packages\axes\apps.py first seen with mtime 1652871974.968766
File C:\Users\OP PC 03\AppData\Local\Programs\Python\Python310\Lib\email\mime\message.py first seen with mtime 1648057904.0
File C:\Users\OP PC 03\AppData\Local\Programs\Python\Python310\Lib\site-packages\django\contrib\admin\widgets.py first seen with mtime 1652871882.1035447
File C:\Users\OP PC 03\AppData\Local\Programs\Python\Python310\Lib\encodings\cp1252.py first seen with mtime 1648057904.0
File C:\Users\OP PC 03\AppData\Local\Programs\Python\Python310\Lib\site-packages\django\template\loader_tags.py first seen with mtime 1652871884.2285435
File C:\Users\OP PC 03\AppData\Local\Programs\Python\Python310\Lib\site-packages\sqlparse\filters\__init__.py first seen with mtime 1646728966.3775666
File C:\Users\OP PC 03\AppData\Local\Programs\Python\Python310\Lib\site-packages\django\http\multipartparser.py first seen with mtime 1652871884.212918
File C:\Users\OP PC 03\AppData\Local\Programs\Python\Python310\Lib\html\__init__.py first seen with mtime 1648057904.0
File C:\Users\OP PC 03\AppData\Local\Programs\Python\Python310\Lib\email\mime\base.py first seen with mtime 1648057904.0
File C:\Users\OP PC 03\AppData\Local\Programs\Python\Python310\Lib\site-packages\django\http\__init__.py first seen with mtime 1652871884.212918
File C:\Users\OP PC 03\AppData\Local\Programs\Python\Python310\Lib\site-packages\bulma\templatetags\__init__.py first seen with mtime 1652871918.9100468
File C:\Users\OP PC 03\AppData\Local\Programs\Python\Python310\Lib\site-packages\django\contrib\__init__.py first seen with mtime 1652871882.1035447
File C:\Users\OP PC 03\AppData\Local\Programs\Python\Python310\Lib\concurrent\__init__.py first seen with mtime 1648057904.0
File C:\Users\OP PC 03\AppData\Local\Programs\Python\Python310\Lib\site-packages\sqlparse\engine\grouping.py first seen with mtime 1646728966.3765683
File C:\Users\OP PC 03\AppData\Local\Programs\Python\Python310\Lib\shutil.py first seen with mtime 1648057904.0
File C:\Users\OP PC 03\AppData\Local\Programs\Python\Python310\Lib\site-packages\django\template\loaders\base.py first seen with mtime 1652871884.2285435
File C:\Users\OP PC 03\AppData\Local\Programs\Python\Python310\Lib\site-packages\django\core\__init__.py first seen with mtime 1652871884.0254192
File C:\Users\OP PC 03\AppData\Local\Programs\Python\Python310\Lib\zoneinfo\_common.py first seen with mtime 1648057906.0
File C:\Users\OP PC 03\AppData\Local\Programs\Python\Python310\Lib\zipfile.py first seen with mtime 1648057906.0
File C:\Users\OP PC 03\Downloads\wetransfer_ee_2022-05-11_0710\Django-Invoice-new1\Django-Invoice-new\invoice\admin.py first seen with mtime 1653027028.1351876
File C:\Users\OP PC 03\AppData\Local\Programs\Python\Python310\Lib\urllib\parse.py first seen with mtime 1648057906.0
File C:\Users\OP PC 03\AppData\Local\Programs\Python\Python310\Lib\sre_parse.py first seen with mtime 1648057904.0
File C:\Users\OP PC 03\AppData\Local\Programs\Python\Python310\Lib\site-packages\django\db\backends\__init__.py first seen with mtime 1652871884.0879197
File C:\Users\OP PC 03\AppData\Local\Programs\Python\Python310\Lib\http\client.py first seen with mtime 1648057904.0
File C:\Users\OP PC 03\AppData\Local\Programs\Python\Python310\Lib\site-packages\django\core\mail\utils.py first seen with mtime 1652871884.0566697
File C:\Users\OP PC 03\AppData\Local\Programs\Python\Python310\Lib\site-packages\django\db\models\expressions.py first seen with mtime 1652871884.1347954
File C:\Users\OP PC 03\AppData\Local\Programs\Python\Python310\Lib\decimal.py first seen with mtime 1648057904.0
File C:\Users\OP PC 03\AppData\Local\Programs\Python\Python310\Lib\site-packages\django\utils\timesince.py first seen with mtime 1652871884.275419
File C:\Users\OP PC 03\AppData\Local\Programs\Python\Python310\Lib\site-packages\django\contrib\admin\utils.py first seen with mtime 1652871882.1035447
File C:\Users\OP PC 03\AppData\Local\Programs\Python\Python310\Lib\site-packages\django\core\files\uploadhandler.py first seen with mtime 1652871884.0566697
File C:\Users\OP PC 03\AppData\Local\Programs\Python\Python310\Lib\site-packages\django\template\backends\django.py first seen with mtime 1652871884.2285435
File C:\Users\OP PC 03\AppData\Local\Programs\Python\Python310\Lib\logging\__init__.py first seen with mtime 1648057904.0
File C:\Users\OP PC 03\AppData\Local\Programs\Python\Python310\Lib\asyncio\proactor_events.py first seen with mtime 1648057904.0
File C:\Users\OP PC 03\AppData\Local\Programs\Python\Python310\Lib\site-packages\django\contrib\messages\storage\__init__.py first seen with mtime 1652871883.4785447
File C:\Users\OP PC 03\AppData\Local\Programs\Python\Python310\Lib\site-packages\bleach\_vendor\parse.py first seen with mtime 1652872001.9856284
File C:\Users\OP PC 03\AppData\Local\Programs\Python\Python310\Lib\types.py first seen with mtime 1648057904.0
File C:\Users\OP PC 03\AppData\Local\Programs\Python\Python310\Lib\site-packages\django\contrib\admin\templatetags\base.py first seen with mtime 1652871882.4785447
File C:\Users\OP PC 03\AppData\Local\Programs\Python\Python310\Lib\site-packages\django\db\backends\base\base.py first seen with mtime 1652871884.0879197
File C:\Users\OP PC 03\AppData\Local\Programs\Python\Python310\Lib\site-packages\django\urls\resolvers.py first seen with mtime 1652871884.2441688
File C:\Users\OP PC 03\AppData\Local\Programs\Python\Python310\Lib\site-packages\django\dispatch\__init__.py first seen with mtime 1652871884.1660447
File C:\Users\OP PC 03\AppData\Local\Programs\Python\Python310\Lib\site-packages\bleach\linkifier.py first seen with mtime 1652872001.9856284
File C:\Users\OP PC 03\AppData\Local\Programs\Python\Python310\Lib\site-packages\django\contrib\contenttypes\apps.py first seen with mtime 1652871882.8066697
File C:\Users\OP PC 03\AppData\Local\Programs\Python\Python310\Lib\site-packages\django\contrib\messages\constants.py first seen with mtime 1652871883.46292
File C:\Users\OP PC 03\AppData\Local\Programs\Python\Python310\Lib\site-packages\sqlparse\formatter.py first seen with mtime 1646728966.3715806
File C:\Users\OP PC 03\AppData\Local\Programs\Python\Python310\Lib\wsgiref\__init__.py first seen with mtime 1648057906.0
File C:\Users\OP PC 03\AppData\Local\Programs\Python\Python310\Lib\urllib\request.py first seen with mtime 1648057906.0
File C:\Users\OP PC 03\AppData\Local\Programs\Python\Python310\Lib\zoneinfo\__init__.py first seen with mtime 1648057906.0
File C:\Users\OP PC 03\AppData\Local\Programs\Python\Python310\Lib\site-packages\django\template\__init__.py first seen with mtime 1652871884.2285435
File C:\Users\OP PC 03\AppData\Local\Programs\Python\Python310\Lib\site-packages\django\db\models\query_utils.py first seen with mtime 1652871884.1504192
File C:\Users\OP PC 03\AppData\Local\Programs\Python\Python310\Lib\site-packages\pdfkit\source.py first seen with mtime 1652871989.2657874
File C:\Users\OP PC 03\AppData\Local\Programs\Python\Python310\Lib\asyncio\windows_events.py first seen with mtime 1648057904.0
File C:\Users\OP PC 03\AppData\Local\Programs\Python\Python310\Lib\tokenize.py first seen with mtime 1648057904.0
File C:\Users\OP PC 03\AppData\Local\Programs\Python\Python310\Lib\site-packages\django\forms\forms.py first seen with mtime 1652871884.1660447
File C:\Users\OP PC 03\AppData\Local\Programs\Python\Python310\Lib\site-packages\django\templatetags\i18n.py first seen with mtime 1652871884.2441688
File C:\Users\OP PC 03\AppData\Local\Programs\Python\Python310\Lib\fnmatch.py first seen with mtime 1648057904.0
File C:\Users\OP PC 03\AppData\Local\Programs\Python\Python310\Lib\site-packages\django\core\cache\backends\__init__.py first seen with mtime 1652871884.041074
File C:\Users\OP PC 03\AppData\Local\Programs\Python\Python310\Lib\site-packages\django\template\response.py first seen with mtime 1652871884.2285435
File C:\Users\OP PC 03\AppData\Local\Programs\Python\Python310\Lib\getpass.py first seen with mtime 1648057904.0
File C:\Users\OP PC 03\AppData\Local\Programs\Python\Python310\Lib\site-packages\bulma\templatetags\bulma_tags.py first seen with mtime 1652871918.9256728
File C:\Users\OP PC 03\AppData\Local\Programs\Python\Python310\Lib\site-packages\django\middleware\csrf.py first seen with mtime 1652871884.212918
File C:\Users\OP PC 03\AppData\Local\Programs\Python\Python310\Lib\site-packages\django\db\models\options.py first seen with mtime 1652871884.1347954
File C:\Users\OP PC 03\AppData\Local\Programs\Python\Python310\Lib\json\__init__.py first seen with mtime 1648057904.0
File C:\Users\OP PC 03\AppData\Local\Programs\Python\Python310\Lib\signal.py first seen with mtime 1648057904.0
File C:\Users\OP PC 03\AppData\Local\Programs\Python\Python310\Lib\site-packages\sqlparse\keywords.py first seen with mtime 1646728966.3725793
File C:\Users\OP PC 03\AppData\Local\Programs\Python\Python310\Lib\site-packages\django\db\backends\base\client.py first seen with mtime 1652871884.0879197
File C:\Users\OP PC 03\AppData\Local\Programs\Python\Python310\Lib\site-packages\django\contrib\sites\shortcuts.py first seen with mtime 1652871883.884797
File C:\Users\OP PC 03\AppData\Local\Programs\Python\Python310\Lib\site-packages\django\core\serializers\python.py first seen with mtime 1652871884.0879197
File C:\Users\OP PC 03\AppData\Local\Programs\Python\Python310\Lib\site-packages\django\contrib\auth\validators.py first seen with mtime 1652871882.6504195
File C:\Users\OP PC 03\AppData\Local\Programs\Python\Python310\Lib\site-packages\django\utils\dateformat.py first seen with mtime 1652871884.259794
File C:\Users\OP PC 03\AppData\Local\Programs\Python\Python310\Lib\site-packages\django\views\static.py first seen with mtime 1652871884.275419
File C:\Users\OP PC 03\AppData\Local\Programs\Python\Python310\Lib\site-packages\django\contrib\admin\filters.py first seen with mtime 1652871882.1035447
File C:\Users\OP PC 03\AppData\Local\Programs\Python\Python310\Lib\site-packages\django\core\management\__init__.py first seen with mtime 1652871884.0722942
File C:\Users\OP PC 03\AppData\Local\Programs\Python\Python310\Lib\site-packages\django\core\files\images.py first seen with mtime 1652871884.0566697
File C:\Users\OP PC 03\AppData\Local\Programs\Python\Python310\Lib\site-packages\django\contrib\contenttypes\models.py first seen with mtime 1652871882.8066697
File C:\Users\OP PC 03\AppData\Local\Programs\Python\Python310\Lib\concurrent\futures\_base.py first seen with mtime 1648057904.0
File C:\Users\OP PC 03\AppData\Local\Programs\Python\Python310\Lib\importlib\util.py first seen with mtime 1648057904.0
File C:\Users\OP PC 03\AppData\Local\Programs\Python\Python310\Lib\json\scanner.py first seen with mtime 1648057904.0
File C:\Users\OP PC 03\AppData\Local\Programs\Python\Python310\Lib\site-packages\django\http\cookie.py first seen with mtime 1652871884.212918
File C:\Users\OP PC 03\AppData\Local\Programs\Python\Python310\Lib\asyncio\events.py first seen with mtime 1648057904.0
File C:\Users\OP PC 03\AppData\Local\Programs\Python\Python310\Lib\asyncio\exceptions.py first seen with mtime 1648057904.0
File C:\Users\OP PC 03\AppData\Local\Programs\Python\Python310\Lib\encodings\utf_8.py first seen with mtime 1648057904.0
File C:\Users\OP PC 03\AppData\Local\Programs\Python\Python310\Lib\asyncio\runners.py first seen with mtime 1648057904.0
File C:\Users\OP PC 03\AppData\Local\Programs\Python\Python310\Lib\site-packages\django\core\files\utils.py first seen with mtime 1652871884.0566697
File C:\Users\OP PC 03\AppData\Local\Programs\Python\Python310\Lib\site-packages\django\conf\global_settings.py first seen with mtime 1652871881.853574
File C:\Users\OP PC 03\AppData\Local\Programs\Python\Python310\Lib\site-packages\django\contrib\staticfiles\views.py first seen with mtime 1652871884.0254192
File C:\Users\OP PC 03\AppData\Local\Programs\Python\Python310\Lib\site-packages\django\forms\boundfield.py first seen with mtime 1652871884.1660447
File C:\Users\OP PC 03\AppData\Local\Programs\Python\Python310\Lib\site-packages\django\urls\converters.py first seen with mtime 1652871884.2441688
File C:\Users\OP PC 03\AppData\Local\Programs\Python\Python310\Lib\site-packages\django\urls\exceptions.py first seen with mtime 1652871884.2441688
File C:\Users\OP PC 03\AppData\Local\Programs\Python\Python310\Lib\asyncio\base_events.py first seen with mtime 1648057904.0
File C:\Users\OP PC 03\AppData\Local\Programs\Python\Python310\Lib\email\charset.py first seen with mtime 1648057904.0
File C:\Users\OP PC 03\AppData\Local\Programs\Python\Python310\Lib\inspect.py first seen with mtime 1648057904.0
File C:\Users\OP PC 03\AppData\Local\Programs\Python\Python310\Lib\site-packages\django\db\backends\sqlite3\schema.py first seen with mtime 1652871884.119171
File C:\Users\OP PC 03\AppData\Local\Programs\Python\Python310\Lib\stat.py first seen with mtime 1648057904.0
File C:\Users\OP PC 03\AppData\Local\Programs\Python\Python310\Lib\xml\__init__.py first seen with mtime 1648057906.0
File C:\Users\OP PC 03\AppData\Local\Programs\Python\Python310\Lib\sre_constants.py first seen with mtime 1648057904.0
File C:\Users\OP PC 03\AppData\Local\Programs\Python\Python310\Lib\site-packages\bleach\_vendor\html5lib\_trie\py.py first seen with mtime 1652872002.0012524
File C:\Users\OP PC 03\AppData\Local\Programs\Python\Python310\Lib\token.py first seen with mtime 1648057904.0
File C:\Users\OP PC 03\AppData\Local\Programs\Python\Python310\Lib\xml\sax\xmlreader.py first seen with mtime 1648057906.0
File C:\Users\OP PC 03\AppData\Local\Programs\Python\Python310\Lib\site-packages\django\contrib\staticfiles\utils.py first seen with mtime 1652871884.0254192
File C:\Users\OP PC 03\AppData\Local\Programs\Python\Python310\Lib\concurrent\futures\__init__.py first seen with mtime 1648057904.0
File C:\Users\OP PC 03\AppData\Local\Programs\Python\Python310\Lib\site-packages\ipware\utils.py first seen with mtime 1652871974.9218607
File C:\Users\OP PC 03\AppData\Local\Programs\Python\Python310\Lib\site-packages\django\contrib\contenttypes\__init__.py first seen with mtime 1652871882.8066697
File C:\Users\OP PC 03\AppData\Local\Programs\Python\Python310\Lib\site-packages\django\contrib\contenttypes\fields.py first seen with mtime 1652871882.8066697
File C:\Users\OP PC 03\AppData\Local\Programs\Python\Python310\Lib\site-packages\django\core\checks\compatibility\django_4_0.py first seen with mtime 1652871884.0566697
File C:\Users\OP PC 03\AppData\Local\Programs\Python\Python310\Lib\site-packages\django\contrib\auth\signals.py first seen with mtime 1652871882.6504195
File C:\Users\OP PC 03\AppData\Local\Programs\Python\Python310\Lib\difflib.py first seen with mtime 1648057904.0
File C:\Users\OP PC 03\AppData\Local\Programs\Python\Python310\Lib\datetime.py first seen with mtime 1648057904.0
File C:\Users\OP PC 03\AppData\Local\Programs\Python\Python310\Lib\site-packages\django\utils\timezone.py first seen with mtime 1652871884.275419
File C:\Users\OP PC 03\AppData\Local\Programs\Python\Python310\Lib\email\errors.py first seen with mtime 1648057904.0
File C:\Users\OP PC 03\AppData\Local\Programs\Python\Python310\Lib\site-packages\pkg_resources\_vendor\__init__.py first seen with mtime 1646728553.5573275
File C:\Users\OP PC 03\AppData\Local\Programs\Python\Python310\Lib\pkgutil.py first seen with mtime 1648057904.0
File C:\Users\OP PC 03\AppData\Local\Programs\Python\Python310\DLLs\_socket.pyd first seen with mtime 1648057940.0
File C:\Users\OP PC 03\AppData\Local\Programs\Python\Python310\Lib\site-packages\django\contrib\admin\decorators.py first seen with mtime 1652871882.1035447
File C:\Users\OP PC 03\AppData\Local\Programs\Python\Python310\Lib\site-packages\django\core\handlers\__init__.py first seen with mtime 1652871884.0566697
File C:\Users\OP PC 03\AppData\Local\Programs\Python\Python310\Lib\asyncio\base_futures.py first seen with mtime 1648057904.0
File C:\Users\OP PC 03\AppData\Local\Programs\Python\Python310\Lib\hashlib.py first seen with mtime 1648057904.0
File C:\Users\OP PC 03\AppData\Local\Programs\Python\Python310\Lib\_markupbase.py first seen with mtime 1648057904.0
File C:\Users\OP PC 03\AppData\Local\Programs\Python\Python310\Lib\site-packages\django\contrib\admin\checks.py first seen with mtime 1652871882.1035447
File C:\Users\OP PC 03\AppData\Local\Programs\Python\Python310\Lib\site-packages\django\utils\regex_helper.py first seen with mtime 1652871884.275419
File C:\Users\OP PC 03\AppData\Local\Programs\Python\Python310\Lib\site-packages\django\views\csrf.py first seen with mtime 1652871884.275419
File C:\Users\OP PC 03\AppData\Local\Programs\Python\Python310\Lib\email\utils.py first seen with mtime 1648057904.0
File C:\Users\OP PC 03\AppData\Local\Programs\Python\Python310\Lib\site-packages\django\utils\cache.py first seen with mtime 1652871884.259794
File C:\Users\OP PC 03\AppData\Local\Programs\Python\Python310\Lib\asyncio\selector_events.py first seen with mtime 1648057904.0
File C:\Users\OP PC 03\AppData\Local\Programs\Python\Python310\Lib\site-packages\django\utils\http.py first seen with mtime 1652871884.259794
File C:\Users\OP PC 03\AppData\Local\Programs\Python\Python310\Lib\site-packages\django\core\signing.py first seen with mtime 1652871884.041074
File C:\Users\OP PC 03\AppData\Local\Programs\Python\Python310\Lib\asyncio\tasks.py first seen with mtime 1648057904.0
File C:\Users\OP PC 03\AppData\Local\Programs\Python\Python310\Lib\asyncio\staggered.py first seen with mtime 1648057904.0
File C:\Users\OP PC 03\AppData\Local\Programs\Python\Python310\Lib\xml\sax\__init__.py first seen with mtime 1648057906.0
File C:\Users\OP PC 03\AppData\Local\Programs\Python\Python310\Lib\site-packages\asgiref\sync.py first seen with mtime 1646728966.5969784
File C:\Users\OP PC 03\AppData\Local\Programs\Python\Python310\Lib\nturl2path.py first seen with mtime 1648057904.0
File C:\Users\OP PC 03\AppData\Local\Programs\Python\Python310\DLLs\_overlapped.pyd first seen with mtime 1648057940.0
File C:\Users\OP PC 03\AppData\Local\Programs\Python\Python310\Lib\site-packages\django\db\migrations\utils.py first seen with mtime 1652871884.1347954
File C:\Users\OP PC 03\AppData\Local\Programs\Python\Python310\Lib\site-packages\django\db\migrations\operations\models.py first seen with mtime 1652871884.1347954
File C:\Users\OP PC 03\AppData\Local\Programs\Python\Python310\Lib\site-packages\django\utils\dateparse.py first seen with mtime 1652871884.259794
File C:\Users\OP PC 03\AppData\Local\Programs\Python\Python310\Lib\site-packages\django\utils\formats.py first seen with mtime 1652871884.259794
File C:\Users\OP PC 03\AppData\Local\Programs\Python\Python310\Lib\copyreg.py first seen with mtime 1648057904.0
File C:\Users\OP PC 03\AppData\Local\Programs\Python\Python310\Lib\site-packages\django\conf\locale\__init__.py first seen with mtime 1652871881.869169
File C:\Users\OP PC 03\AppData\Local\Programs\Python\Python310\Lib\http\server.py first seen with mtime 1648057904.0
File C:\Users\OP PC 03\AppData\Local\Programs\Python\Python310\Lib\fractions.py first seen with mtime 1648057904.0
File C:\Users\OP PC 03\AppData\Local\Programs\Python\Python310\Lib\asyncio\protocols.py first seen with mtime 1648057904.0
File C:\Users\OP PC 03\AppData\Local\Programs\Python\Python310\Lib\csv.py first seen with mtime 1648057904.0
File C:\Users\OP PC 03\AppData\Local\Programs\Python\Python310\Lib\site-packages\django\utils\text.py first seen with mtime 1652871884.275419
File C:\Users\OP PC 03\AppData\Local\Programs\Python\Python310\Lib\site-packages\django\db\backends\ddl_references.py first seen with mtime 1652871884.0879197
File C:\Users\OP PC 03\AppData\Local\Programs\Python\Python310\Lib\site-packages\django\db\models\constants.py first seen with mtime 1652871884.1347954
File C:\Users\OP PC 03\AppData\Local\Programs\Python\Python310\Lib\site-packages\django\contrib\admin\sites.py first seen with mtime 1652871882.1035447
File C:\Users\OP PC 03\AppData\Local\Programs\Python\Python310\Lib\site-packages\pkg_resources\_vendor\packaging\__about__.py first seen with mtime 1646728553.5692875
File C:\Users\OP PC 03\AppData\Local\Programs\Python\Python310\Lib\email\_header_value_parser.py first seen with mtime 1648057904.0
File C:\Users\OP PC 03\AppData\Local\Programs\Python\Python310\Lib\site-packages\django\templatetags\cache.py first seen with mtime 1652871884.2441688
File C:\Users\OP PC 03\AppData\Local\Programs\Python\Python310\Lib\importlib\__init__.py first seen with mtime 1648057904.0
File C:\Users\OP PC 03\AppData\Local\Programs\Python\Python310\Lib\asyncio\base_tasks.py first seen with mtime 1648057904.0
File C:\Users\OP PC 03\AppData\Local\Programs\Python\Python310\Lib\site-packages\pkg_resources\_vendor\packaging\utils.py first seen with mtime 1646728553.6131516
File C:\Users\OP PC 03\AppData\Local\Programs\Python\Python310\Lib\site-packages\django\db\models\sql\__init__.py first seen with mtime 1652871884.1504192
File C:\Users\OP PC 03\AppData\Local\Programs\Python\Python310\Lib\site-packages\django\contrib\admin\helpers.py first seen with mtime 1652871882.1035447
File C:\Users\OP PC 03\AppData\Local\Programs\Python\Python310\Lib\threading.py first seen with mtime 1648057904.0
File C:\Users\OP PC 03\AppData\Local\Programs\Python\Python310\Lib\pathlib.py first seen with mtime 1648057904.0
File C:\Users\OP PC 03\AppData\Local\Programs\Python\Python310\Lib\site-packages\django\contrib\admin\apps.py first seen with mtime 1652871882.1035447
File C:\Users\OP PC 03\AppData\Local\Programs\Python\Python310\Lib\html\parser.py first seen with mtime 1648057904.0
File C:\Users\OP PC 03\AppData\Local\Programs\Python\Python310\DLLs\_sqlite3.pyd first seen with mtime 1648057940.0
File C:\Users\OP PC 03\AppData\Local\Programs\Python\Python310\Lib\pprint.py first seen with mtime 1648057904.0
File C:\Users\OP PC 03\AppData\Local\Programs\Python\Python310\Lib\site-packages\django\db\models\lookups.py first seen with mtime 1652871884.1347954
File C:\Users\OP PC 03\AppData\Local\Programs\Python\Python310\Lib\site-packages\sqlparse\filters\reindent.py first seen with mtime 1646728966.37956
File C:\Users\OP PC 03\AppData\Local\Programs\Python\Python310\Lib\site-packages\django\db\models\fields\mixins.py first seen with mtime 1652871884.1504192
File C:\Users\OP PC 03\AppData\Local\Programs\Python\Python310\Lib\contextlib.py first seen with mtime 1648057904.0
File C:\Users\OP PC 03\AppData\Local\Programs\Python\Python310\Lib\http\__init__.py first seen with mtime 1648057904.0
File C:\Users\OP PC 03\AppData\Local\Programs\Python\Python310\DLLs\_decimal.pyd first seen with mtime 1648057942.0
File C:\Users\OP PC 03\AppData\Local\Programs\Python\Python310\Lib\site-packages\django\db\backends\base\schema.py first seen with mtime 1652871884.1035454
File C:\Users\OP PC 03\AppData\Local\Programs\Python\Python310\Lib\site-packages\django\templatetags\static.py first seen with mtime 1652871884.2441688
File C:\Users\OP PC 03\AppData\Local\Programs\Python\Python310\Lib\site-packages\pkg_resources\_vendor\packaging\specifiers.py first seen with mtime 1646728553.6032052
File C:\Users\OP PC 03\AppData\Local\Programs\Python\Python310\Lib\site-packages\bleach\_vendor\html5lib\treebuilders\base.py first seen with mtime 1652872002.0012524
File C:\Users\OP PC 03\AppData\Local\Programs\Python\Python310\Lib\site-packages\axes\handlers\base.py first seen with mtime 1652871974.968766
File C:\Users\OP PC 03\AppData\Local\Programs\Python\Python310\Lib\site-packages\django\contrib\sessions\backends\base.py first seen with mtime 1652871883.7441695
File C:\Users\OP PC 03\AppData\Local\Programs\Python\Python310\Lib\site-packages\django\db\migrations\operations\__init__.py first seen with mtime 1652871884.1347954
File C:\Users\OP PC 03\AppData\Local\Programs\Python\Python310\Lib\site-packages\django\db\migrations\operations\fields.py first seen with mtime 1652871884.1347954
File C:\Users\OP PC 03\AppData\Local\Programs\Python\Python310\Lib\site-packages\django\db\models\fields\json.py first seen with mtime 1652871884.1504192
File C:\Users\OP PC 03\AppData\Local\Programs\Python\Python310\Lib\site-packages\django\db\backends\base\introspection.py first seen with mtime 1652871884.1035454
File C:\Users\OP PC 03\AppData\Local\Programs\Python\Python310\Lib\site-packages\django\db\migrations\state.py first seen with mtime 1652871884.1347954
File C:\Users\OP PC 03\AppData\Local\Programs\Python\Python310\Lib\site-packages\django\utils\connection.py first seen with mtime 1652871884.259794
File C:\Users\OP PC 03\AppData\Local\Programs\Python\Python310\Lib\site-packages\django\db\backends\sqlite3\base.py first seen with mtime 1652871884.119171
File C:\Users\OP PC 03\AppData\Local\Programs\Python\Python310\Lib\site-packages\webencodings\labels.py first seen with mtime 1652872001.923128
File C:\Users\OP PC 03\AppData\Local\Programs\Python\Python310\Lib\site-packages\django\core\files\move.py first seen with mtime 1652871884.0566697
File C:\Users\OP PC 03\AppData\Local\Programs\Python\Python310\Lib\site-packages\pdfkit\api.py first seen with mtime 1652871989.2657874
File C:\Users\OP PC 03\AppData\Local\Programs\Python\Python310\Lib\wsgiref\util.py first seen with mtime 1648057906.0
File C:\Users\OP PC 03\AppData\Local\Programs\Python\Python310\Lib\site-packages\django\contrib\humanize\templatetags\humanize.py first seen with mtime 1652871883.46292
File C:\Users\OP PC 03\AppData\Local\Programs\Python\Python310\Lib\site-packages\bleach\_vendor\html5lib\html5parser.py first seen with mtime 1652872001.9856284
File C:\Users\OP PC 03\AppData\Local\Programs\Python\Python310\Lib\_compression.py first seen with mtime 1648057904.0
File C:\Users\OP PC 03\AppData\Local\Programs\Python\Python310\DLLs\_queue.pyd first seen with mtime 1648057940.0
File C:\Users\OP PC 03\AppData\Local\Programs\Python\Python310\Lib\site-packages\django\core\checks\files.py first seen with mtime 1652871884.041074
File C:\Users\OP PC 03\AppData\Local\Programs\Python\Python310\Lib\email\mime\__init__.py first seen with mtime 1648057904.0
File C:\Users\OP PC 03\Downloads\wetransfer_ee_2022-05-11_0710\Django-Invoice-new1\Django-Invoice-new\manage.py first seen with mtime 1651294783.0
File C:\Users\OP PC 03\AppData\Local\Programs\Python\Python310\Lib\site-packages\sqlparse\__init__.py first seen with mtime 1646728966.369586
File C:\Users\OP PC 03\AppData\Local\Programs\Python\Python310\Lib\ssl.py first seen with mtime 1648057904.0
File C:\Users\OP PC 03\AppData\Local\Programs\Python\Python310\Lib\site-packages\django\utils\log.py first seen with mtime 1652871884.259794
File C:\Users\OP PC 03\AppData\Local\Programs\Python\Python310\Lib\subprocess.py first seen with mtime 1648057904.0
File C:\Users\OP PC 03\AppData\Local\Programs\Python\Python310\Lib\site-packages\django\contrib\contenttypes\admin.py first seen with mtime 1652871882.8066697
File C:\Users\OP PC 03\AppData\Local\Programs\Python\Python310\Lib\site-packages\django\contrib\sessions\exceptions.py first seen with mtime 1652871883.7441695
File C:\Users\OP PC 03\AppData\Local\Programs\Python\Python310\Lib\site-packages\django\core\cache\backends\filebased.py first seen with mtime 1652871884.041074
File C:\Users\OP PC 03\AppData\Local\Programs\Python\Python310\Lib\site-packages\django\template\backends\__init__.py first seen with mtime 1652871884.2285435
File C:\Users\OP PC 03\AppData\Local\Programs\Python\Python310\Lib\site-packages\django\core\validators.py first seen with mtime 1652871884.041074
File C:\Users\OP PC 03\AppData\Local\Programs\Python\Python310\Lib\site-packages\django\contrib\admin\models.py first seen with mtime 1652871882.1035447
File C:\Users\OP PC 03\AppData\Local\Programs\Python\Python310\Lib\encodings\utf_16_le.py first seen with mtime 1648057904.0
File C:\Users\OP PC 03\AppData\Local\Programs\Python\Python310\Lib\asyncio\constants.py first seen with mtime 1648057904.0
File C:\Users\OP PC 03\AppData\Local\Programs\Python\Python310\Lib\site-packages\django\db\models\utils.py first seen with mtime 1652871884.1504192
File C:\Users\OP PC 03\AppData\Local\Programs\Python\Python310\Lib\site-packages\django\core\cache\backends\locmem.py first seen with mtime 1652871884.041074
File C:\Users\OP PC 03\AppData\Local\Programs\Python\Python310\Lib\site-packages\django\db\utils.py first seen with mtime 1652871884.0879197
File C:\Users\OP PC 03\AppData\Local\Programs\Python\Python310\Lib\asyncio\log.py first seen with mtime 1648057904.0
File C:\Users\OP PC 03\AppData\Local\Programs\Python\Python310\Lib\site-packages\bleach\_vendor\html5lib\_trie\_base.py first seen with mtime 1652872001.9856284
File C:\Users\OP PC 03\AppData\Local\Programs\Python\Python310\Lib\site-packages\django\utils\_os.py first seen with mtime 1652871884.2441688
File C:\Users\OP PC 03\AppData\Local\Programs\Python\Python310\DLLs\_ssl.pyd first seen with mtime 1648057942.0
File C:\Users\OP PC 03\AppData\Local\Programs\Python\Python310\Lib\xml\etree\ElementTree.py first seen with mtime 1648057906.0
File C:\Users\OP PC 03\AppData\Local\Programs\Python\Python310\Lib\site-packages\django\db\models\fields\related_lookups.py first seen with mtime 1652871884.1504192
File C:\Users\OP PC 03\AppData\Local\Programs\Python\Python310\Lib\site-packages\django\core\checks\security\__init__.py first seen with mtime 1652871884.0566697
File C:\Users\OP PC 03\AppData\Local\Programs\Python\Python310\Lib\encodings\__init__.py first seen with mtime 1648057904.0
File C:\Users\OP PC 03\AppData\Local\Programs\Python\Python310\Lib\io.py first seen with mtime 1648057904.0
File C:\Users\OP PC 03\Downloads\wetransfer_ee_2022-05-11_0710\Django-Invoice-new1\Django-Invoice-new\invoice\forms.py first seen with mtime 1652680755.0168493
File C:\Users\OP PC 03\AppData\Local\Programs\Python\Python310\Lib\json\encoder.py first seen with mtime 1648057904.0
File C:\Users\OP PC 03\AppData\Local\Programs\Python\Python310\Lib\site-packages\django\db\backends\sqlite3\client.py first seen with mtime 1652871884.119171
File C:\Users\OP PC 03\AppData\Local\Programs\Python\Python310\Lib\xml\sax\saxutils.py first seen with mtime 1648057906.0
File C:\Users\OP PC 03\AppData\Local\Programs\Python\Python310\Lib\site-packages\bulma\apps.py first seen with mtime 1652871918.894441
File C:\Users\OP PC 03\AppData\Local\Programs\Python\Python310\Lib\site-packages\django\contrib\admin\templatetags\__init__.py first seen with mtime 1652871882.4785447
File C:\Users\OP PC 03\AppData\Local\Programs\Python\Python310\Lib\site-packages\django\db\backends\base\__init__.py first seen with mtime 1652871884.0879197
File C:\Users\OP PC 03\AppData\Local\Programs\Python\Python310\Lib\site-packages\django\contrib\auth\tokens.py first seen with mtime 1652871882.6504195
File C:\Users\OP PC 03\AppData\Local\Programs\Python\Python310\Lib\site-packages\django\db\models\functions\comparison.py first seen with mtime 1652871884.1504192
File C:\Users\OP PC 03\AppData\Local\Programs\Python\Python310\Lib\site-packages\django\db\models\base.py first seen with mtime 1652871884.1347954
File C:\Users\OP PC 03\AppData\Local\Programs\Python\Python310\Lib\site-packages\django\utils\translation\trans_real.py first seen with mtime 1652871884.275419
File C:\Users\OP PC 03\AppData\Local\Programs\Python\Python310\Lib\plistlib.py first seen with mtime 1648057904.0
File C:\Users\OP PC 03\AppData\Local\Programs\Python\Python310\Lib\site-packages\django\utils\datastructures.py first seen with mtime 1652871884.259794
File C:\Users\OP PC 03\AppData\Local\Programs\Python\Python310\Lib\site-packages\django\contrib\messages\apps.py first seen with mtime 1652871883.46292
File C:\Users\OP PC 03\AppData\Local\Programs\Python\Python310\Lib\site-packages\django\core\checks\__init__.py first seen with mtime 1652871884.041074
File C:\Users\OP PC 03\AppData\Local\Programs\Python\Python310\Lib\xml\parsers\__init__.py first seen with mtime 1648057906.0
File C:\Users\OP PC 03\AppData\Local\Programs\Python\Python310\Lib\site-packages\django\core\mail\__init__.py first seen with mtime 1652871884.0566697
File C:\Users\OP PC 03\AppData\Local\Programs\Python\Python310\Lib\site-packages\django\contrib\admin\__init__.py first seen with mtime 1652871882.1035447
File C:\Users\OP PC 03\AppData\Local\Programs\Python\Python310\Lib\site-packages\pkg_resources\_vendor\packaging\_typing.py first seen with mtime 1646728553.5862224
File C:\Users\OP PC 03\AppData\Local\Programs\Python\Python310\Lib\site-packages\django\utils\asyncio.py first seen with mtime 1652871884.259794
File C:\Users\OP PC 03\AppData\Local\Programs\Python\Python310\Lib\site-packages\django\utils\itercompat.py first seen with mtime 1652871884.259794
File C:\Users\OP PC 03\AppData\Local\Programs\Python\Python310\Lib\site-packages\django\contrib\sessions\middleware.py first seen with mtime 1652871883.7441695
File C:\Users\OP PC 03\AppData\Local\Programs\Python\Python310\Lib\site-packages\django\utils\html.py first seen with mtime 1652871884.259794
File C:\Users\OP PC 03\AppData\Local\Programs\Python\Python310\Lib\logging\config.py first seen with mtime 1648057904.0
File C:\Users\OP PC 03\AppData\Local\Programs\Python\Python310\Lib\site-packages\django\core\signals.py first seen with mtime 1652871884.041074
File C:\Users\OP PC 03\AppData\Local\Programs\Python\Python310\Lib\site-packages\django\forms\widgets.py first seen with mtime 1652871884.1660447
File C:\Users\OP PC 03\AppData\Local\Programs\Python\Python310\Lib\site-packages\django\core\checks\compatibility\__init__.py first seen with mtime 1652871884.0566697
File C:\Users\OP PC 03\AppData\Local\Programs\Python\Python310\Lib\site-packages\bleach\_vendor\html5lib\_trie\__init__.py first seen with mtime 1652872001.9856284
File C:\Users\OP PC 03\AppData\Local\Programs\Python\Python310\Lib\site-packages\django\contrib\staticfiles\apps.py first seen with mtime 1652871884.0254192
File C:\Users\OP PC 03\AppData\Local\Programs\Python\Python310\Lib\site-packages\django\contrib\staticfiles\management\commands\runserver.py first seen with mtime 1652871884.0254192
File C:\Users\OP PC 03\AppData\Local\Programs\Python\Python310\Lib\site-packages\django\core\checks\async_checks.py first seen with mtime 1652871884.041074
File C:\Users\OP PC 03\AppData\Local\Programs\Python\Python310\Lib\site-packages\bleach\_vendor\html5lib\filters\base.py first seen with mtime 1652872002.0012524
File C:\Users\OP PC 03\AppData\Local\Programs\Python\Python310\Lib\site-packages\django\templatetags\tz.py first seen with mtime 1652871884.2441688
File C:\Users\OP PC 03\AppData\Local\Programs\Python\Python310\Lib\site-packages\django\utils\functional.py first seen with mtime 1652871884.259794
File C:\Users\OP PC 03\AppData\Local\Programs\Python\Python310\Lib\site-packages\django\db\backends\signals.py first seen with mtime 1652871884.0879197
File C:\Users\OP PC 03\AppData\Local\Programs\Python\Python310\Lib\site-packages\django\db\models\fields\reverse_related.py first seen with mtime 1652871884.1504192
File C:\Users\OP PC 03\AppData\Local\Programs\Python\Python310\Lib\site-packages\pdfkit\configuration.py first seen with mtime 1652871989.2657874
File C:\Users\OP PC 03\AppData\Local\Programs\Python\Python310\Lib\email\mime\multipart.py first seen with mtime 1648057904.0
File C:\Users\OP PC 03\AppData\Local\Programs\Python\Python310\Lib\site-packages\django\contrib\auth\decorators.py first seen with mtime 1652871882.6504195
File C:\Users\OP PC 03\AppData\Local\Programs\Python\Python310\Lib\xml\etree\ElementPath.py first seen with mtime 1648057906.0
File C:\Users\OP PC 03\AppData\Local\Programs\Python\Python310\Lib\site-packages\django\utils\deprecation.py first seen with mtime 1652871884.259794
File C:\Users\OP PC 03\AppData\Local\Programs\Python\Python310\Lib\socket.py first seen with mtime 1648057904.0
File C:\Users\OP PC 03\AppData\Local\Programs\Python\Python310\Lib\site-packages\django\db\backends\base\operations.py first seen with mtime 1652871884.1035454
File C:\Users\OP PC 03\AppData\Local\Programs\Python\Python310\Lib\site-packages\django\db\models\fields\files.py first seen with mtime 1652871884.1504192
File C:\Users\OP PC 03\AppData\Local\Programs\Python\Python310\Lib\site-packages\bleach\_vendor\html5lib\constants.py first seen with mtime 1652872001.9856284
File C:\Users\OP PC 03\AppData\Local\Programs\Python\Python310\Lib\site-packages\django\template\loaders\app_directories.py first seen with mtime 1652871884.2285435
File C:\Users\OP PC 03\AppData\Local\Programs\Python\Python310\Lib\struct.py first seen with mtime 1648057904.0
File C:\Users\OP PC 03\AppData\Local\Programs\Python\Python310\Lib\site-packages\axes\models.py first seen with mtime 1652871974.968766
File C:\Users\OP PC 03\AppData\Local\Programs\Python\Python310\Lib\site-packages\django\forms\utils.py first seen with mtime 1652871884.1660447
File C:\Users\OP PC 03\AppData\Local\Programs\Python\Python310\Lib\site-packages\django\contrib\auth\password_validation.py first seen with mtime 1652871882.6504195
File C:\Users\OP PC 03\AppData\Local\Programs\Python\Python310\Lib\site-packages\django\urls\utils.py first seen with mtime 1652871884.2441688
File C:\Users\OP PC 03\AppData\Local\Programs\Python\Python310\Lib\site-packages\django\core\checks\translation.py first seen with mtime 1652871884.041074
File C:\Users\OP PC 03\AppData\Local\Programs\Python\Python310\Lib\site-packages\django\views\decorators\__init__.py first seen with mtime 1652871884.275419
File C:\Users\OP PC 03\AppData\Local\Programs\Python\Python310\Lib\uuid.py first seen with mtime 1648057906.0
File C:\Users\OP PC 03\AppData\Local\Programs\Python\Python310\Lib\asyncio\windows_utils.py first seen with mtime 1648057904.0
File C:\Users\OP PC 03\AppData\Local\Programs\Python\Python310\Lib\asyncio\format_helpers.py first seen with mtime 1648057904.0
File C:\Users\OP PC 03\AppData\Local\Programs\Python\Python310\Lib\site-packages\django\utils\encoding.py first seen with mtime 1652871884.259794
File C:\Users\OP PC 03\AppData\Local\Programs\Python\Python310\Lib\site-packages\django\core\files\locks.py first seen with mtime 1652871884.0566697
File C:\Users\OP PC 03\AppData\Local\Programs\Python\Python310\Lib\site-packages\django\views\debug.py first seen with mtime 1652871884.275419
File C:\Users\OP PC 03\AppData\Local\Programs\Python\Python310\Lib\logging\handlers.py first seen with mtime 1648057904.0
File C:\Users\OP PC 03\AppData\Local\Programs\Python\Python310\Lib\site-packages\bleach\__init__.py first seen with mtime 1652872001.9856284
File C:\Users\OP PC 03\AppData\Local\Programs\Python\Python310\Lib\site-packages\django\contrib\sessions\apps.py first seen with mtime 1652871883.7285447
File C:\Users\OP PC 03\AppData\Local\Programs\Python\Python310\Lib\site-packages\bleach\callbacks.py first seen with mtime 1652872001.9856284
File C:\Users\OP PC 03\AppData\Local\Programs\Python\Python310\Lib\wsgiref\handlers.py first seen with mtime 1648057906.0
File C:\Users\OP PC 03\AppData\Local\Programs\Python\Python310\Lib\_weakrefset.py first seen with mtime 1648057904.0
File C:\Users\OP PC 03\AppData\Local\Programs\Python\Python310\Lib\site-packages\django\middleware\security.py first seen with mtime 1652871884.2285435
File C:\Users\OP PC 03\AppData\Local\Programs\Python\Python310\Lib\reprlib.py first seen with mtime 1648057904.0
File C:\Users\OP PC 03\AppData\Local\Programs\Python\Python310\Lib\site-packages\django\forms\renderers.py first seen with mtime 1652871884.1660447
File C:\Users\OP PC 03\AppData\Local\Programs\Python\Python310\Lib\site-packages\django\core\checks\security\sessions.py first seen with mtime 1652871884.0566697
File C:\Users\OP PC 03\AppData\Local\Programs\Python\Python310\Lib\site-packages\django\db\migrations\operations\special.py first seen with mtime 1652871884.1347954
File C:\Users\OP PC 03\AppData\Local\Programs\Python\Python310\DLLs\pyexpat.pyd first seen with mtime 1648057942.0
File C:\Users\OP PC 03\AppData\Local\Programs\Python\Python310\Lib\string.py first seen with mtime 1648057904.0
File C:\Users\OP PC 03\AppData\Local\Programs\Python\Python310\Lib\site-packages\django\urls\base.py first seen with mtime 1652871884.2441688
File C:\Users\OP PC 03\AppData\Local\Programs\Python\Python310\Lib\site-packages\django\db\models\fields\related.py first seen with mtime 1652871884.1504192
File C:\Users\OP PC 03\AppData\Local\Programs\Python\Python310\Lib\site-packages\django\contrib\humanize\templatetags\__init__.py first seen with mtime 1652871883.46292
File C:\Users\OP PC 03\AppData\Local\Programs\Python\Python310\Lib\site-packages\django\db\models\fields\__init__.py first seen with mtime 1652871884.1504192
File C:\Users\OP PC 03\AppData\Local\Programs\Python\Python310\Lib\email\policy.py first seen with mtime 1648057904.0
File C:\Users\OP PC 03\AppData\Local\Programs\Python\Python310\Lib\os.py first seen with mtime 1648057904.0
File C:\Users\OP PC 03\AppData\Local\Programs\Python\Python310\Lib\site-packages\axes\__init__.py first seen with mtime 1652871974.968766
File C:\Users\OP PC 03\AppData\Local\Programs\Python\Python310\Lib\site-packages\bulma\__init__.py first seen with mtime 1652871918.894441
File C:\Users\OP PC 03\AppData\Local\Programs\Python\Python310\Lib\xml\sax\_exceptions.py first seen with mtime 1648057906.0
File C:\Users\OP PC 03\AppData\Local\Programs\Python\Python310\Lib\asyncio\trsock.py first seen with mtime 1648057904.0
File C:\Users\OP PC 03\AppData\Local\Programs\Python\Python310\Lib\site-packages\django\conf\__init__.py first seen with mtime 1652871881.853574
File C:\Users\OP PC 03\AppData\Local\Programs\Python\Python310\Lib\site-packages\django\template\context.py first seen with mtime 1652871884.2285435
File C:\Users\OP PC 03\AppData\Local\Programs\Python\Python310\Lib\site-packages\django\core\files\uploadedfile.py first seen with mtime 1652871884.0566697
File C:\Users\OP PC 03\AppData\Local\Programs\Python\Python310\Lib\unittest\loader.py first seen with mtime 1648057904.0
File C:\Users\OP PC 03\AppData\Local\Programs\Python\Python310\Lib\site-packages\django\contrib\messages\__init__.py first seen with mtime 1652871883.46292
File C:\Users\OP PC 03\AppData\Local\Programs\Python\Python310\Lib\site-packages\django\core\files\__init__.py first seen with mtime 1652871884.0566697
File C:\Users\OP PC 03\AppData\Local\Programs\Python\Python310\Lib\zoneinfo\_tzpath.py first seen with mtime 1648057906.0
File C:\Users\OP PC 03\AppData\Local\Programs\Python\Python310\Lib\site-packages\django\db\transaction.py first seen with mtime 1652871884.0879197
File C:\Users\OP PC 03\AppData\Local\Programs\Python\Python310\Lib\site-packages\axes\backends.py first seen with mtime 1652871974.968766
File C:\Users\OP PC 03\AppData\Local\Programs\Python\Python310\Lib\site-packages\django\views\generic\list.py first seen with mtime 1652871884.291045
File C:\Users\OP PC 03\AppData\Local\Programs\Python\Python310\Lib\_sitebuiltins.py first seen with mtime 1648057904.0
File C:\Users\OP PC 03\AppData\Local\Programs\Python\Python310\Lib\ntpath.py first seen with mtime 1648057904.0
File C:\Users\OP PC 03\AppData\Local\Programs\Python\Python310\Lib\site-packages\django\db\models\aggregates.py first seen with mtime 1652871884.1347954
File C:\Users\OP PC 03\AppData\Local\Programs\Python\Python310\Lib\site-packages\django\core\paginator.py first seen with mtime 1652871884.041074
File C:\Users\OP PC 03\AppData\Local\Programs\Python\Python310\Lib\site-packages\django\middleware\__init__.py first seen with mtime 1652871884.212918
File C:\Users\OP PC 03\AppData\Local\Programs\Python\Python310\Lib\site-packages\django\core\checks\templates.py first seen with mtime 1652871884.041074
File C:\Users\OP PC 03\AppData\Local\Programs\Python\Python310\Lib\site-packages\django\contrib\staticfiles\__init__.py first seen with mtime 1652871884.0254192
File C:\Users\OP PC 03\AppData\Local\Programs\Python\Python310\Lib\site-packages\django\template\library.py first seen with mtime 1652871884.2285435
File C:\Users\OP PC 03\AppData\Local\Programs\Python\Python310\Lib\site-packages\django\core\management\commands\__init__.py first seen with mtime 1652871884.0722942
File C:\Users\OP PC 03\AppData\Local\Programs\Python\Python310\Lib\site-packages\django\utils\lorem_ipsum.py first seen with mtime 1652871884.275419
File C:\Users\OP PC 03\AppData\Local\Programs\Python\Python310\Lib\site-packages\django\utils\dates.py first seen with mtime 1652871884.259794
File C:\Users\OP PC 03\AppData\Local\Programs\Python\Python310\Lib\ctypes\__init__.py first seen with mtime 1648057904.0
File C:\Users\OP PC 03\AppData\Local\Programs\Python\Python310\Lib\site-packages\ipware\__init__.py first seen with mtime 1652871974.9062347
File C:\Users\OP PC 03\AppData\Local\Programs\Python\Python310\Lib\site-packages\django\contrib\admin\views\main.py first seen with mtime 1652871882.4785447
File C:\Users\OP PC 03\AppData\Local\Programs\Python\Python310\Lib\site-packages\django\db\models\sql\query.py first seen with mtime 1652871884.1660447
File C:\Users\OP PC 03\AppData\Local\Programs\Python\Python310\Lib\site-packages\asgiref\current_thread_executor.py first seen with mtime 1646728966.5949838
File C:\Users\OP PC 03\AppData\Local\Programs\Python\Python310\Lib\site-packages\django\core\checks\database.py first seen with mtime 1652871884.041074
File C:\Users\OP PC 03\AppData\Local\Programs\Python\Python310\Lib\collections\abc.py first seen with mtime 1648057904.0
File C:\Users\OP PC 03\AppData\Local\Programs\Python\Python310\Lib\site-packages\django\db\backends\sqlite3\introspection.py first seen with mtime 1652871884.119171
File C:\Users\OP PC 03\AppData\Local\Programs\Python\Python310\Lib\cgi.py first seen with mtime 1648057904.0
File C:\Users\OP PC 03\AppData\Local\Programs\Python\Python310\Lib\site-packages\django\core\management\color.py first seen with mtime 1652871884.0722942
File C:\Users\OP PC 03\AppData\Local\Programs\Python\Python310\Lib\email\generator.py first seen with mtime 1648057904.0
File C:\Users\OP PC 03\AppData\Local\Programs\Python\Python310\Lib\collections\__init__.py first seen with mtime 1648057904.0
File C:\Users\OP PC 03\AppData\Local\Programs\Python\Python310\Lib\site-packages\django\db\migrations\migration.py first seen with mtime 1652871884.1347954
File C:\Users\OP PC 03\AppData\Local\Programs\Python\Python310\Lib\site-packages\django\utils\decorators.py first seen with mtime 1652871884.259794
File C:\Users\OP PC 03\AppData\Local\Programs\Python\Python310\Lib\site-packages\django\core\exceptions.py first seen with mtime 1652871884.041074
File C:\Users\OP PC 03\AppData\Local\Programs\Python\Python310\Lib\site-packages\django\apps\config.py first seen with mtime 1652871881.853574
File C:\Users\OP PC 03\AppData\Local\Programs\Python\Python310\Lib\site-packages\django\contrib\auth\base_user.py first seen with mtime 1652871882.634793
File C:\Users\OP PC 03\AppData\Local\Programs\Python\Python310\Lib\asyncio\mixins.py first seen with mtime 1648057904.0
File C:\Users\OP PC 03\AppData\Local\Programs\Python\Python310\Lib\site-packages\django\contrib\staticfiles\handlers.py first seen with mtime 1652871884.0254192
File C:\Users\OP PC 03\AppData\Local\Programs\Python\Python310\Lib\email\__init__.py first seen with mtime 1648057904.0
File C:\Users\OP PC 03\AppData\Local\Programs\Python\Python310\Lib\site-packages\sqlparse\filters\tokens.py first seen with mtime 1646728966.3805575
File C:\Users\OP PC 03\AppData\Local\Programs\Python\Python310\Lib\email\iterators.py first seen with mtime 1648057904.0
File C:\Users\OP PC 03\AppData\Local\Programs\Python\Python310\Lib\site-packages\django\views\generic\base.py first seen with mtime 1652871884.291045
File C:\Users\OP PC 03\AppData\Local\Programs\Python\Python310\Lib\site-packages\pdfkit\pdfkit.py first seen with mtime 1652871989.2657874
File C:\Users\OP PC 03\AppData\Local\Programs\Python\Python310\Lib\importlib\_abc.py first seen with mtime 1648057904.0
File C:\Users\OP PC 03\AppData\Local\Programs\Python\Python310\Lib\site-packages\django\contrib\sessions\__init__.py first seen with mtime 1652871883.7285447
File C:\Users\OP PC 03\AppData\Local\Programs\Python\Python310\Lib\site-packages\django\apps\__init__.py first seen with mtime 1652871881.853574
File C:\Users\OP PC 03\AppData\Local\Programs\Python\Python310\Lib\site-packages\django\db\migrations\__init__.py first seen with mtime 1652871884.119171
File C:\Users\OP PC 03\AppData\Local\Programs\Python\Python310\Lib\site-packages\pkg_resources\extern\__init__.py first seen with mtime 1646728553.622141
File C:\Users\OP PC 03\AppData\Local\Programs\Python\Python310\Lib\unittest\__init__.py first seen with mtime 1648057904.0
File C:\Users\OP PC 03\AppData\Local\Programs\Python\Python310\Lib\site-packages\django\shortcuts.py first seen with mtime 1652871881.853574
File C:\Users\OP PC 03\AppData\Local\Programs\Python\Python310\DLLs\_lzma.pyd first seen with mtime 1648057940.0
File C:\Users\OP PC 03\AppData\Local\Programs\Python\Python310\Lib\site-packages\django\db\models\functions\mixins.py first seen with mtime 1652871884.1504192
File C:\Users\OP PC 03\AppData\Local\Programs\Python\Python310\Lib\site-packages\bleach\_vendor\html5lib\treebuilders\__init__.py first seen with mtime 1652872002.0012524
File C:\Users\OP PC 03\AppData\Local\Programs\Python\Python310\Lib\site-packages\axes\handlers\__init__.py first seen with mtime 1652871974.968766
File C:\Users\OP PC 03\AppData\Local\Programs\Python\Python310\Lib\site-packages\django\contrib\sessions\backends\__init__.py first seen with mtime 1652871883.7441695
File C:\Users\OP PC 03\AppData\Local\Programs\Python\Python310\Lib\site-packages\ipware\defaults.py first seen with mtime 1652871974.9218607
File C:\Users\OP PC 03\AppData\Local\Programs\Python\Python310\Lib\keyword.py first seen with mtime 1648057904.0
File C:\Users\OP PC 03\AppData\Local\Programs\Python\Python310\Lib\site-packages\django\forms\formsets.py first seen with mtime 1652871884.1660447
File C:\Users\OP PC 03\AppData\Local\Programs\Python\Python310\Lib\site-packages\bleach\sanitizer.py first seen with mtime 1652872001.9856284
File C:\Users\OP PC 03\Downloads\wetransfer_ee_2022-05-11_0710\Django-Invoice-new1\Django-Invoice-new\invoice\templates\admin first seen with mtime 1651901509.0
File C:\Users\OP PC 03\Downloads\wetransfer_ee_2022-05-11_0710\Django-Invoice-new1\Django-Invoice-new\invoice\templates\Backup Code first seen with mtime 1652957769.346186
File C:\Users\OP PC 03\Downloads\wetransfer_ee_2022-05-11_0710\Django-Invoice-new1\Django-Invoice-new\invoice\templates\invoice first seen with mtime 1653115408.5941126
File C:\Users\OP PC 03\Downloads\wetransfer_ee_2022-05-11_0710\Django-Invoice-new1\Django-Invoice-new\invoice\templates\admin\base_site.html first seen with mtime 1651901509.0
File C:\Users\OP PC 03\Downloads\wetransfer_ee_2022-05-11_0710\Django-Invoice-new1\Django-Invoice-new\invoice\templates\Backup Code\edittaxcustomers.html first seen with mtime 1652950880.9181948
File C:\Users\OP PC 03\Downloads\wetransfer_ee_2022-05-11_0710\Django-Invoice-new1\Django-Invoice-new\invoice\templates\Backup Code\invoice-create.html first seen with mtime 1652941912.9841197
File C:\Users\OP PC 03\Downloads\wetransfer_ee_2022-05-11_0710\Django-Invoice-new1\Django-Invoice-new\invoice\templates\Backup Code\invoice-list.html first seen with mtime 1652936906.5275025
File C:\Users\OP PC 03\Downloads\wetransfer_ee_2022-05-11_0710\Django-Invoice-new1\Django-Invoice-new\invoice\templates\Backup Code\pdf2oldnew.html first seen with mtime 1652957769.3451765
File C:\Users\OP PC 03\Downloads\wetransfer_ee_2022-05-11_0710\Django-Invoice-new1\Django-Invoice-new\invoice\templates\invoice\abc.html first seen with mtime 1650469976.0
File C:\Users\OP PC 03\Downloads\wetransfer_ee_2022-05-11_0710\Django-Invoice-new1\Django-Invoice-new\invoice\templates\invoice\abd.html first seen with mtime 1650469976.0
File C:\Users\OP PC 03\Downloads\wetransfer_ee_2022-05-11_0710\Django-Invoice-new1\Django-Invoice-new\invoice\templates\invoice\base.html first seen with mtime 1652947779.0423515
File C:\Users\OP PC 03\Downloads\wetransfer_ee_2022-05-11_0710\Django-Invoice-new1\Django-Invoice-new\invoice\templates\invoice\edittaxcustomers.html first seen with mtime 1652954379.609685
File C:\Users\OP PC 03\Downloads\wetransfer_ee_2022-05-11_0710\Django-Invoice-new1\Django-Invoice-new\invoice\templates\invoice\header.html first seen with mtime 1650469976.0
File C:\Users\OP PC 03\Downloads\wetransfer_ee_2022-05-11_0710\Django-Invoice-new1\Django-Invoice-new\invoice\templates\invoice\home.html first seen with mtime 1650469976.0
File C:\Users\OP PC 03\Downloads\wetransfer_ee_2022-05-11_0710\Django-Invoice-new1\Django-Invoice-new\invoice\templates\invoice\invoice-create-2.html first seen with mtime 1651233468.0
File C:\Users\OP PC 03\Downloads\wetransfer_ee_2022-05-11_0710\Django-Invoice-new1\Django-Invoice-new\invoice\templates\invoice\invoice-create.html first seen with mtime 1652950669.1891599
File C:\Users\OP PC 03\Downloads\wetransfer_ee_2022-05-11_0710\Django-Invoice-new1\Django-Invoice-new\invoice\templates\invoice\invoice-list-2.html first seen with mtime 1652957519.8113317
File C:\Users\OP PC 03\Downloads\wetransfer_ee_2022-05-11_0710\Django-Invoice-new1\Django-Invoice-new\invoice\templates\invoice\invoice-list-abc.html first seen with mtime 1650469976.0
File C:\Users\OP PC 03\Downloads\wetransfer_ee_2022-05-11_0710\Django-Invoice-new1\Django-Invoice-new\invoice\templates\invoice\invoice-list-date-negative.html first seen with mtime 1651660511.0
File C:\Users\OP PC 03\Downloads\wetransfer_ee_2022-05-11_0710\Django-Invoice-new1\Django-Invoice-new\invoice\templates\invoice\invoice-list-date-positive.html first seen with mtime 1651660511.0
File C:\Users\OP PC 03\Downloads\wetransfer_ee_2022-05-11_0710\Django-Invoice-new1\Django-Invoice-new\invoice\templates\invoice\invoice-list-jins.html first seen with mtime 1653048850.4496837
File C:\Users\OP PC 03\Downloads\wetransfer_ee_2022-05-11_0710\Django-Invoice-new1\Django-Invoice-new\invoice\templates\invoice\invoice-list.html first seen with mtime 1653115408.5941126
File C:\Users\OP PC 03\Downloads\wetransfer_ee_2022-05-11_0710\Django-Invoice-new1\Django-Invoice-new\invoice\templates\invoice\newpdf.html first seen with mtime 1650469976.0
File C:\Users\OP PC 03\Downloads\wetransfer_ee_2022-05-11_0710\Django-Invoice-new1\Django-Invoice-new\invoice\templates\invoice\newww.html first seen with mtime 1650469976.0
File C:\Users\OP PC 03\Downloads\wetransfer_ee_2022-05-11_0710\Django-Invoice-new1\Django-Invoice-new\invoice\templates\invoice\pdf-template3.html first seen with mtime 1650469976.0
File C:\Users\OP PC 03\Downloads\wetransfer_ee_2022-05-11_0710\Django-Invoice-new1\Django-Invoice-new\invoice\templates\invoice\pdf1.html first seen with mtime 1650469976.0
File C:\Users\OP PC 03\Downloads\wetransfer_ee_2022-05-11_0710\Django-Invoice-new1\Django-Invoice-new\invoice\templates\invoice\pdf2.html first seen with mtime 1650469976.0
File C:\Users\OP PC 03\Downloads\wetransfer_ee_2022-05-11_0710\Django-Invoice-new1\Django-Invoice-new\invoice\templates\invoice\pdf2old.html first seen with mtime 1651556767.0
File C:\Users\OP PC 03\Downloads\wetransfer_ee_2022-05-11_0710\Django-Invoice-new1\Django-Invoice-new\invoice\templates\invoice\pdf2oldnew.html first seen with mtime 1652957704.7810743
File C:\Users\OP PC 03\Downloads\wetransfer_ee_2022-05-11_0710\Django-Invoice-new1\Django-Invoice-new\invoice\templates\invoice\pdfcpy.html first seen with mtime 1650469976.0
File C:\Users\OP PC 03\Downloads\wetransfer_ee_2022-05-11_0710\Django-Invoice-new1\Django-Invoice-new\invoice\templates\invoice\pdfout.html first seen with mtime 1650469976.0
File C:\Users\OP PC 03\Downloads\wetransfer_ee_2022-05-11_0710\Django-Invoice-new1\Django-Invoice-new\invoice\templates\invoice\pdf_template (copy).html first seen with mtime 1650469976.0
File C:\Users\OP PC 03\Downloads\wetransfer_ee_2022-05-11_0710\Django-Invoice-new1\Django-Invoice-new\invoice\templates\invoice\pdf_template.html first seen with mtime 1650469976.0
File C:\Users\OP PC 03\Downloads\wetransfer_ee_2022-05-11_0710\Django-Invoice-new1\Django-Invoice-new\invoice\templates\invoice\pdf_template2.html first seen with mtime 1650469976.0
File C:\Users\OP PC 03\Downloads\wetransfer_ee_2022-05-11_0710\Django-Invoice-new1\Django-Invoice-new\invoice\templates\invoice\s.css first seen with mtime 1650469976.0
File C:\Users\OP PC 03\Downloads\wetransfer_ee_2022-05-11_0710\Django-Invoice-new1\Django-Invoice-new\invoice\templates\invoice\search_results.html first seen with mtime 1652954963.665457
File C:\Users\OP PC 03\Downloads\wetransfer_ee_2022-05-11_0710\Django-Invoice-new1\Django-Invoice-new\invoice\templates\invoice\testfile.html first seen with mtime 1650469976.0
File C:\Users\OP PC 03\Downloads\wetransfer_ee_2022-05-11_0710\Django-Invoice-new1\Django-Invoice-new\invoice\templates\invoice\update.html first seen with mtime 1652954944.8039463
File C:\Users\OP PC 03\Downloads\wetransfer_ee_2022-05-11_0710\Django-Invoice-new1\Django-Invoice-new\invoice\templates\invoice\updatea.html first seen with mtime 1652954922.6416478
File C:\Users\OP PC 03\AppData\Local\Programs\Python\Python310\lib\site-packages\bulma\templates\base.html first seen with mtime 1652871918.9100468
File C:\Users\OP PC 03\AppData\Local\Programs\Python\Python310\lib\site-packages\bulma\templates\bulma first seen with mtime 1652871918.9100468
File C:\Users\OP PC 03\AppData\Local\Programs\Python\Python310\lib\site-packages\bulma\templates\pagination.html first seen with mtime 1652871918.9100468
File C:\Users\OP PC 03\AppData\Local\Programs\Python\Python310\lib\site-packages\bulma\templates\registration first seen with mtime 1652871918.9100468
File C:\Users\OP PC 03\AppData\Local\Programs\Python\Python310\lib\site-packages\bulma\templates\_layouts first seen with mtime 1652871918.9100468
File C:\Users\OP PC 03\AppData\Local\Programs\Python\Python310\lib\site-packages\bulma\templates\bulma\base.html first seen with mtime 1652871918.9100468
File C:\Users\OP PC 03\AppData\Local\Programs\Python\Python310\lib\site-packages\bulma\templates\bulma\forms first seen with mtime 1652871918.9100468
File C:\Users\OP PC 03\AppData\Local\Programs\Python\Python310\lib\site-packages\bulma\templates\bulma\forms\field.html first seen with mtime 1652871918.9100468
File C:\Users\OP PC 03\AppData\Local\Programs\Python\Python310\lib\site-packages\bulma\templates\bulma\forms\form.html first seen with mtime 1652871918.9100468
File C:\Users\OP PC 03\AppData\Local\Programs\Python\Python310\lib\site-packages\bulma\templates\bulma\forms\formset.html first seen with mtime 1652871918.9100468
File C:\Users\OP PC 03\AppData\Local\Programs\Python\Python310\lib\site-packages\bulma\templates\registration\base.html first seen with mtime 1652871918.9100468
File C:\Users\OP PC 03\AppData\Local\Programs\Python\Python310\lib\site-packages\bulma\templates\registration\logged_out.html first seen with mtime 1652871918.9100468
File C:\Users\OP PC 03\AppData\Local\Programs\Python\Python310\lib\site-packages\bulma\templates\registration\login.html first seen with mtime 1652871918.9100468
File C:\Users\OP PC 03\AppData\Local\Programs\Python\Python310\lib\site-packages\bulma\templates\registration\password_change_done.html first seen with mtime 1652871918.9100468
File C:\Users\OP PC 03\AppData\Local\Programs\Python\Python310\lib\site-packages\bulma\templates\registration\password_change_form.html first seen with mtime 1652871918.9100468
File C:\Users\OP PC 03\AppData\Local\Programs\Python\Python310\lib\site-packages\bulma\templates\registration\password_reset_complete.html first seen with mtime 1652871918.9100468
File C:\Users\OP PC 03\AppData\Local\Programs\Python\Python310\lib\site-packages\bulma\templates\registration\password_reset_confirm.html first seen with mtime 1652871918.9100468
File C:\Users\OP PC 03\AppData\Local\Programs\Python\Python310\lib\site-packages\bulma\templates\registration\password_reset_done.html first seen with mtime 1652871918.9100468
File C:\Users\OP PC 03\AppData\Local\Programs\Python\Python310\lib\site-packages\bulma\templates\registration\password_reset_email.html first seen with mtime 1652871918.9100468
File C:\Users\OP PC 03\AppData\Local\Programs\Python\Python310\lib\site-packages\bulma\templates\registration\password_reset_form.html first seen with mtime 1652871918.9100468
File C:\Users\OP PC 03\AppData\Local\Programs\Python\Python310\lib\site-packages\bulma\templates\_layouts\one-column-center.html first seen with mtime 1652871918.9100468
File C:\Users\OP PC 03\AppData\Local\Programs\Python\Python310\lib\site-packages\axes\locale\de\LC_MESSAGES\django.mo first seen with mtime 1652871974.9843755
File C:\Users\OP PC 03\AppData\Local\Programs\Python\Python310\lib\site-packages\axes\locale\pl\LC_MESSAGES\django.mo first seen with mtime 1652871974.9843755
File C:\Users\OP PC 03\AppData\Local\Programs\Python\Python310\lib\site-packages\axes\locale\ru\LC_MESSAGES\django.mo first seen with mtime 1652871974.9843755
File C:\Users\OP PC 03\AppData\Local\Programs\Python\Python310\lib\site-packages\axes\locale\tr\LC_MESSAGES\django.mo first seen with mtime 1652871974.9843755
File C:\Users\OP PC 03\AppData\Local\Programs\Python\Python310\Lib\site-packages\django\contrib\contenttypes\migrations\0002_remove_content_type_name.py first seen with mtime 1652871882.9316726
File C:\Users\OP PC 03\AppData\Local\Programs\Python\Python310\Lib\site-packages\django\contrib\sessions\backends\db.py first seen with mtime 1652871883.7441695
File C:\Users\OP PC 03\Downloads\wetransfer_ee_2022-05-11_0710\Django-Invoice-new1\Django-Invoice-new\invoice\migrations\0006_invoice_status.py first seen with mtime 1650469976.0
File C:\Users\OP PC 03\AppData\Local\Programs\Python\Python310\Lib\site-packages\django\contrib\auth\migrations\__init__.py first seen with mtime 1652871882.7910442
File C:\Users\OP PC 03\AppData\Local\Programs\Python\Python310\Lib\site-packages\axes\migrations\__init__.py first seen with mtime 1652871974.9843755
File C:\Users\OP PC 03\AppData\Local\Programs\Python\Python310\Lib\site-packages\django\db\migrations\recorder.py first seen with mtime 1652871884.1347954
File C:\Users\OP PC 03\AppData\Local\Programs\Python\Python310\Lib\site-packages\django\contrib\contenttypes\migrations\__init__.py first seen with mtime 1652871882.9316726
File C:\Users\OP PC 03\AppData\Local\Programs\Python\Python310\Lib\site-packages\django\db\migrations\executor.py first seen with mtime 1652871884.119171
File C:\Users\OP PC 03\AppData\Local\Programs\Python\Python310\Lib\site-packages\pytz\tzinfo.py first seen with mtime 1646729643.5650153
File C:\Users\OP PC 03\AppData\Local\Programs\Python\Python310\Lib\site-packages\axes\migrations\0003_auto_20160322_0929.py first seen with mtime 1652871974.9843755
File C:\Users\OP PC 03\AppData\Local\Programs\Python\Python310\Lib\site-packages\django\db\migrations\graph.py first seen with mtime 1652871884.119171
File C:\Users\OP PC 03\AppData\Local\Programs\Python\Python310\Lib\site-packages\django\contrib\auth\migrations\0009_alter_user_last_name_max_length.py first seen with mtime 1652871882.7910442
File C:\Users\OP PC 03\Downloads\wetransfer_ee_2022-05-11_0710\Django-Invoice-new1\Django-Invoice-new\invoice\migrations\0001_initial.py first seen with mtime 1652952033.5824041
File C:\Users\OP PC 03\AppData\Local\Programs\Python\Python310\Lib\site-packages\django\contrib\auth\migrations\0003_alter_user_email_max_length.py first seen with mtime 1652871882.7910442
File C:\Users\OP PC 03\AppData\Local\Programs\Python\Python310\Lib\site-packages\axes\migrations\0008_accessfailurelog.py first seen with mtime 1652871974.9843755
File C:\Users\OP PC 03\AppData\Local\Programs\Python\Python310\Lib\site-packages\django\contrib\auth\migrations\0012_alter_user_first_name_max_length.py first seen with mtime 1652871882.7910442
File C:\Users\OP PC 03\AppData\Local\Programs\Python\Python310\Lib\stringprep.py first seen with mtime 1648057904.0
File C:\Users\OP PC 03\AppData\Local\Programs\Python\Python310\Lib\site-packages\django\contrib\auth\migrations\0011_update_proxy_permissions.py first seen with mtime 1652871882.7910442
File C:\Users\OP PC 03\AppData\Local\Programs\Python\Python310\Lib\site-packages\pytz\lazy.py first seen with mtime 1646729643.5640182
File C:\Users\OP PC 03\AppData\Local\Programs\Python\Python310\Lib\site-packages\django\contrib\auth\migrations\0006_require_contenttypes_0002.py first seen with mtime 1652871882.7910442
File C:\Users\OP PC 03\Downloads\wetransfer_ee_2022-05-11_0710\Django-Invoice-new1\Django-Invoice-new\invoice\migrations\0004_auto_20200721_1509.py first seen with mtime 1650469976.0
File C:\Users\OP PC 03\AppData\Local\Programs\Python\Python310\Lib\site-packages\pytz\tzfile.py first seen with mtime 1646729643.5650153
File C:\Users\OP PC 03\AppData\Local\Programs\Python\Python310\Lib\site-packages\django\contrib\admin\migrations\0001_initial.py first seen with mtime 1652871882.3691714
File C:\Users\OP PC 03\AppData\Local\Programs\Python\Python310\Lib\site-packages\django\middleware\clickjacking.py first seen with mtime 1652871884.212918
File C:\Users\OP PC 03\AppData\Local\Programs\Python\Python310\Lib\site-packages\pytz\exceptions.py first seen with mtime 1646729643.563021
File C:\Users\OP PC 03\AppData\Local\Programs\Python\Python310\Lib\site-packages\django\contrib\auth\migrations\0001_initial.py first seen with mtime 1652871882.7910442
File C:\Users\OP PC 03\AppData\Local\Programs\Python\Python310\Lib\site-packages\django\contrib\auth\migrations\0007_alter_validators_add_error_messages.py first seen with mtime 1652871882.7910442
File C:\Users\OP PC 03\AppData\Local\Programs\Python\Python310\Lib\site-packages\axes\middleware.py first seen with mtime 1652871974.968766
File C:\Users\OP PC 03\AppData\Local\Programs\Python\Python310\Lib\site-packages\axes\migrations\0004_auto_20181024_1538.py first seen with mtime 1652871974.9843755
File C:\Users\OP PC 03\AppData\Local\Programs\Python\Python310\Lib\site-packages\axes\migrations\0001_initial.py first seen with mtime 1652871974.9843755
File C:\Users\OP PC 03\Downloads\wetransfer_ee_2022-05-11_0710\Django-Invoice-new1\Django-Invoice-new\invoice\migrations\0007_invoice_total_amount.py first seen with mtime 1650469976.0
File C:\Users\OP PC 03\AppData\Local\Programs\Python\Python310\Lib\site-packages\django_session_timeout\middleware.py first seen with mtime 1652872051.4502711
File C:\Users\OP PC 03\AppData\Local\Programs\Python\Python310\Lib\site-packages\axes\migrations\0007_alter_accessattempt_unique_together.py first seen with mtime 1652871974.9843755
File C:\Users\OP PC 03\AppData\Local\Programs\Python\Python310\Lib\site-packages\django\contrib\contenttypes\migrations\0001_initial.py first seen with mtime 1652871882.9316726
File C:\Users\OP PC 03\AppData\Local\Programs\Python\Python310\Lib\site-packages\django\contrib\sessions\migrations\__init__.py first seen with mtime 1652871883.884797
File C:\Users\OP PC 03\Downloads\wetransfer_ee_2022-05-11_0710\Django-Invoice-new1\Django-Invoice-new\invoice\migrations\0008_invoice1_invoice2_lineitem1_lineitem2_and_more.py first seen with mtime 1652962075.7908936
File C:\Users\OP PC 03\AppData\Local\Programs\Python\Python310\Lib\site-packages\axes\migrations\0002_auto_20151217_2044.py first seen with mtime 1652871974.9843755
File C:\Users\OP PC 03\AppData\Local\Programs\Python\Python310\Lib\encodings\idna.py first seen with mtime 1648057904.0
File C:\Users\OP PC 03\AppData\Local\Programs\Python\Python310\Lib\site-packages\django_auto_logout\utils.py first seen with mtime 1652872028.9177778
File C:\Users\OP PC 03\AppData\Local\Programs\Python\Python310\Lib\site-packages\django_session_timeout\__init__.py first seen with mtime 1652872051.4502711
File C:\Users\OP PC 03\AppData\Local\Programs\Python\Python310\Lib\site-packages\axes\migrations\0005_remove_accessattempt_trusted.py first seen with mtime 1652871974.9843755
File C:\Users\OP PC 03\Downloads\wetransfer_ee_2022-05-11_0710\Django-Invoice-new1\Django-Invoice-new\invoice\migrations\0002_remove_lineitem_total_amount.py first seen with mtime 1650469976.0
File C:\Users\OP PC 03\AppData\Local\Programs\Python\Python310\Lib\site-packages\django\contrib\auth\migrations\0008_alter_user_username_max_length.py first seen with mtime 1652871882.7910442
File C:\Users\OP PC 03\AppData\Local\Programs\Python\Python310\Lib\site-packages\django\contrib\auth\migrations\0004_alter_user_username_opts.py first seen with mtime 1652871882.7910442
File C:\Users\OP PC 03\AppData\Local\Programs\Python\Python310\Lib\site-packages\django\db\models\sql\compiler.py first seen with mtime 1652871884.1504192
File C:\Users\OP PC 03\AppData\Local\Programs\Python\Python310\Lib\site-packages\django\contrib\messages\middleware.py first seen with mtime 1652871883.4785447
File C:\Users\OP PC 03\AppData\Local\Programs\Python\Python310\Lib\site-packages\django_auto_logout\middleware.py first seen with mtime 1652872028.9177778
File C:\Users\OP PC 03\AppData\Local\Programs\Python\Python310\Lib\site-packages\django\contrib\auth\migrations\0010_alter_group_name_max_length.py first seen with mtime 1652871882.7910442
File C:\Users\OP PC 03\Downloads\wetransfer_ee_2022-05-11_0710\Django-Invoice-new1\Django-Invoice-new\invoice\migrations\__init__.py first seen with mtime 1650469976.0
File C:\Users\OP PC 03\Downloads\wetransfer_ee_2022-05-11_0710\Django-Invoice-new1\Django-Invoice-new\invoice\migrations\0005_auto_20200722_0613.py first seen with mtime 1650469976.0
File C:\Users\OP PC 03\AppData\Local\Programs\Python\Python310\Lib\site-packages\django\contrib\auth\migrations\0005_alter_user_last_login_null.py first seen with mtime 1652871882.7910442
File C:\Users\OP PC 03\AppData\Local\Programs\Python\Python310\Lib\site-packages\django\contrib\admin\migrations\0003_logentry_add_action_flag_choices.py first seen with mtime 1652871882.3691714
File C:\Users\OP PC 03\Downloads\wetransfer_ee_2022-05-11_0710\Django-Invoice-new1\Django-Invoice-new\mysite\wsgi.py first seen with mtime 1651121822.0
File C:\Users\OP PC 03\AppData\Local\Programs\Python\Python310\Lib\site-packages\django\contrib\admin\migrations\0002_logentry_remove_auto_add.py first seen with mtime 1652871882.3691714
File C:\Users\OP PC 03\AppData\Local\Programs\Python\Python310\Lib\site-packages\django\contrib\auth\migrations\0002_alter_permission_name_max_length.py first seen with mtime 1652871882.7910442
File C:\Users\OP PC 03\AppData\Local\Programs\Python\Python310\Lib\site-packages\django\db\migrations\loader.py first seen with mtime 1652871884.119171
File C:\Users\OP PC 03\AppData\Local\Programs\Python\Python310\Lib\site-packages\pytz\__init__.py first seen with mtime 1646729643.563021
File C:\Users\OP PC 03\Downloads\wetransfer_ee_2022-05-11_0710\Django-Invoice-new1\Django-Invoice-new\invoice\migrations\0003_auto_20200718_1256.py first seen with mtime 1650469976.0
File C:\Users\OP PC 03\AppData\Local\Programs\Python\Python310\Lib\site-packages\django_auto_logout\__init__.py first seen with mtime 1652872028.9177778
File C:\Users\OP PC 03\AppData\Local\Programs\Python\Python310\Lib\site-packages\django\contrib\sessions\migrations\0001_initial.py first seen with mtime 1652871883.884797
File C:\Users\OP PC 03\AppData\Local\Programs\Python\Python310\Lib\site-packages\django\contrib\admin\migrations\__init__.py first seen with mtime 1652871882.3691714
File C:\Users\OP PC 03\AppData\Local\Programs\Python\Python310\Lib\site-packages\axes\migrations\0006_remove_accesslog_trusted.py first seen with mtime 1652871974.9843755
"GET / HTTP/1.1" 302 0
Exception while resolving variable 'subtitle' in template 'admin/login.html'.
Traceback (most recent call last):
  File "C:\Users\OP PC 03\AppData\Local\Programs\Python\Python310\lib\site-packages\django\template\base.py", line 875, in _resolve_lookup
    current = current[bit]
  File "C:\Users\OP PC 03\AppData\Local\Programs\Python\Python310\lib\site-packages\django\template\context.py", line 83, in __getitem__
    raise KeyError(key)
KeyError: 'subtitle'

During handling of the above exception, another exception occurred:

Traceback (most recent call last):
  File "C:\Users\OP PC 03\AppData\Local\Programs\Python\Python310\lib\site-packages\django\template\base.py", line 881, in _resolve_lookup
    if isinstance(current, BaseContext) and getattr(
AttributeError: type object 'RequestContext' has no attribute 'subtitle'

During handling of the above exception, another exception occurred:

Traceback (most recent call last):
  File "C:\Users\OP PC 03\AppData\Local\Programs\Python\Python310\lib\site-packages\django\template\base.py", line 891, in _resolve_lookup
    current = current[int(bit)]
ValueError: invalid literal for int() with base 10: 'subtitle'

During handling of the above exception, another exception occurred:

Traceback (most recent call last):
  File "C:\Users\OP PC 03\AppData\Local\Programs\Python\Python310\lib\site-packages\django\template\base.py", line 898, in _resolve_lookup
    raise VariableDoesNotExist(
django.template.base.VariableDoesNotExist: Failed lookup for key [subtitle] in [{'True': True, 'False': False, 'None': None}, {'csrf_token': <SimpleLazyObject: <function csrf.<locals>._get_val at 0x0000022229902170>>, 'request': <WSGIRequest: GET '/admin/login/?next=/'>, 'user': <SimpleLazyObject: <django.contrib.auth.models.AnonymousUser object at 0x000002222996C610>>, 'perms': PermWrapper(<SimpleLazyObject: <django.contrib.auth.models.AnonymousUser object at 0x000002222996C610>>), 'messages': <FallbackStorage: request=<WSGIRequest: GET '/admin/login/?next=/'>>, 'DEFAULT_MESSAGE_LEVELS': {'DEBUG': 10, 'INFO': 20, 'SUCCESS': 25, 'WARNING': 30, 'ERROR': 40}}, {}, {'form': <AdminAuthenticationForm bound=False, valid=Unknown, fields=(username;password)>, 'view': <django.contrib.auth.views.LoginView object at 0x000002222996C9A0>, 'site_title': 'APRO Admin Portal', 'site_header': 'APRO IT Solutions', 'site_url': '/', 'has_permission': False, 'available_apps': [], 'is_popup': False, 'is_nav_sidebar_enabled': True, 'title': 'Log in', 'app_path': '/admin/login/?next=/', 'username': '', 'next': '/', 'site': <django.contrib.sites.requests.RequestSite object at 0x000002222996CF70>, 'site_name': '127.0.0.1:8585', 'LANGUAGE_CODE': 'en-us', 'LANGUAGE_BIDI': False}, {'block': <Block Node: title. Contents: [<IfNode>, <Variable Node: title>, <TextNode: ' | '>, <Variable Node: site_title|default:_('Django site admin')>]>}]
Exception while resolving variable 'subtitle' in template 'admin/login.html'.
Traceback (most recent call last):
  File "C:\Users\OP PC 03\AppData\Local\Programs\Python\Python310\lib\site-packages\django\template\base.py", line 875, in _resolve_lookup
    current = current[bit]
  File "C:\Users\OP PC 03\AppData\Local\Programs\Python\Python310\lib\site-packages\django\template\context.py", line 83, in __getitem__
    raise KeyError(key)
KeyError: 'subtitle'

During handling of the above exception, another exception occurred:

Traceback (most recent call last):
  File "C:\Users\OP PC 03\AppData\Local\Programs\Python\Python310\lib\site-packages\django\template\base.py", line 881, in _resolve_lookup
    if isinstance(current, BaseContext) and getattr(
AttributeError: type object 'RequestContext' has no attribute 'subtitle'

During handling of the above exception, another exception occurred:

Traceback (most recent call last):
  File "C:\Users\OP PC 03\AppData\Local\Programs\Python\Python310\lib\site-packages\django\template\base.py", line 891, in _resolve_lookup
    current = current[int(bit)]
ValueError: invalid literal for int() with base 10: 'subtitle'

During handling of the above exception, another exception occurred:

Traceback (most recent call last):
  File "C:\Users\OP PC 03\AppData\Local\Programs\Python\Python310\lib\site-packages\django\template\base.py", line 898, in _resolve_lookup
    raise VariableDoesNotExist(
django.template.base.VariableDoesNotExist: Failed lookup for key [subtitle] in [{'True': True, 'False': False, 'None': None}, {'csrf_token': <SimpleLazyObject: <function csrf.<locals>._get_val at 0x0000022229902170>>, 'request': <WSGIRequest: GET '/admin/login/?next=/'>, 'user': <SimpleLazyObject: <django.contrib.auth.models.AnonymousUser object at 0x000002222996C610>>, 'perms': PermWrapper(<SimpleLazyObject: <django.contrib.auth.models.AnonymousUser object at 0x000002222996C610>>), 'messages': <FallbackStorage: request=<WSGIRequest: GET '/admin/login/?next=/'>>, 'DEFAULT_MESSAGE_LEVELS': {'DEBUG': 10, 'INFO': 20, 'SUCCESS': 25, 'WARNING': 30, 'ERROR': 40}}, {}, {'form': <AdminAuthenticationForm bound=False, valid=Unknown, fields=(username;password)>, 'view': <django.contrib.auth.views.LoginView object at 0x000002222996C9A0>, 'site_title': 'APRO Admin Portal', 'site_header': 'APRO IT Solutions', 'site_url': '/', 'has_permission': False, 'available_apps': [], 'is_popup': False, 'is_nav_sidebar_enabled': True, 'title': 'Log in', 'app_path': '/admin/login/?next=/', 'username': '', 'next': '/', 'site': <django.contrib.sites.requests.RequestSite object at 0x000002222996CF70>, 'site_name': '127.0.0.1:8585', 'LANGUAGE_CODE': 'en-us', 'LANGUAGE_BIDI': False}, {'block': <Block Node: content_subtitle. Contents: [<IfNode>]>}]
"GET /admin/login/?next=/ HTTP/1.1" 200 2199
File C:\Users\OP PC 03\AppData\Local\Programs\Python\Python310\Lib\site-packages\django\contrib\sessions\serializers.py first seen with mtime 1652871883.7441695
File C:\Users\OP PC 03\AppData\Local\Programs\Python\Python310\Lib\site-packages\django\contrib\messages\storage\cookie.py first seen with mtime 1652871883.4785447
File C:\Users\OP PC 03\AppData\Local\Programs\Python\Python310\Lib\site-packages\django\contrib\admin\forms.py first seen with mtime 1652871882.1035447
File C:\Users\OP PC 03\AppData\Local\Programs\Python\Python310\Lib\site-packages\django\contrib\messages\utils.py first seen with mtime 1652871883.4785447
File C:\Users\OP PC 03\AppData\Local\Programs\Python\Python310\Lib\site-packages\django\contrib\sites\requests.py first seen with mtime 1652871883.884797
File C:\Users\OP PC 03\AppData\Local\Programs\Python\Python310\Lib\site-packages\django\contrib\messages\storage\fallback.py first seen with mtime 1652871883.4785447
File C:\Users\OP PC 03\AppData\Local\Programs\Python\Python310\Lib\site-packages\django\contrib\messages\storage\session.py first seen with mtime 1652871883.4785447
File C:\Users\OP PC 03\AppData\Local\Programs\Python\Python310\Lib\site-packages\django\contrib\messages\storage\base.py first seen with mtime 1652871883.4785447
File C:\Users\OP PC 03\AppData\Local\Programs\Python\Python310\Lib\site-packages\django\template\context_processors.py first seen with mtime 1652871884.2285435
File C:\Users\OP PC 03\AppData\Local\Programs\Python\Python310\Lib\importlib\resources.py first seen with mtime 1648057904.0
File C:\Users\OP PC 03\AppData\Local\Programs\Python\Python310\Lib\importlib\readers.py first seen with mtime 1648057904.0
File C:\Users\OP PC 03\AppData\Local\Programs\Python\Python310\Lib\site-packages\django\conf\locale\en\__init__.py first seen with mtime 1652871881.9004207
File C:\Users\OP PC 03\AppData\Local\Programs\Python\Python310\Lib\importlib\_common.py first seen with mtime 1648057904.0
File C:\Users\OP PC 03\AppData\Local\Programs\Python\Python310\Lib\site-packages\django\contrib\staticfiles\storage.py first seen with mtime 1652871884.0254192
File C:\Users\OP PC 03\AppData\Local\Programs\Python\Python310\Lib\importlib\abc.py first seen with mtime 1648057904.0
File C:\Users\OP PC 03\AppData\Local\Programs\Python\Python310\Lib\site-packages\django\contrib\messages\context_processors.py first seen with mtime 1652871883.4785447
File C:\Users\OP PC 03\AppData\Local\Programs\Python\Python310\Lib\importlib\_adapters.py first seen with mtime 1648057904.0
File C:\Users\OP PC 03\AppData\Local\Programs\Python\Python310\Lib\site-packages\tzdata\__init__.py first seen with mtime 1646728965.9776332
File C:\Users\OP PC 03\AppData\Local\Programs\Python\Python310\Lib\site-packages\django\contrib\auth\context_processors.py first seen with mtime 1652871882.6504195
File C:\Users\OP PC 03\AppData\Local\Programs\Python\Python310\Lib\site-packages\django\conf\locale\en\formats.py first seen with mtime 1652871881.9004207
File C:\Users\OP PC 03\AppData\Local\Programs\Python\Python310\Lib\site-packages\tzdata\zoneinfo\__init__.py first seen with mtime 1646728965.9995747
(0.000) SELECT SUM("axes_accessattempt"."failures_since_start") AS "failures_since_start__sum" FROM "axes_accessattempt" WHERE ("axes_accessattempt"."ip_address" = '127.0.0.1' AND "axes_accessattempt"."attempt_time" >= '2022-05-21 06:32:41.610795'); args=('127.0.0.1', '2022-05-21 06:32:41.610795'); alias=default
(0.000) SELECT "auth_user"."id", "auth_user"."password", "auth_user"."last_login", "auth_user"."is_superuser", "auth_user"."username", "auth_user"."first_name", "auth_user"."last_name", "auth_user"."email", "auth_user"."is_staff", "auth_user"."is_active", "auth_user"."date_joined" FROM "auth_user" WHERE "auth_user"."username" = 'aproit' LIMIT 21; args=('aproit',); alias=default
(0.000) SELECT (1) AS "a" FROM "django_session" WHERE "django_session"."session_key" = 'zkwhujv7jk63hvrju0j5gd97cwi1w7lh' LIMIT 1; args=('zkwhujv7jk63hvrju0j5gd97cwi1w7lh',); alias=default
(0.000) BEGIN; args=None; alias=default
(0.000) INSERT INTO "django_session" ("session_key", "session_data", "expire_date") SELECT 'zkwhujv7jk63hvrju0j5gd97cwi1w7lh', 'e30:1nsIqv:tDgCj7ITPh12zh6G2unWDiZDM-utpFrJMFJHbxOtl5s', '2022-05-21 06:49:41.790358'; args=('zkwhujv7jk63hvrju0j5gd97cwi1w7lh', 'e30:1nsIqv:tDgCj7ITPh12zh6G2unWDiZDM-utpFrJMFJHbxOtl5s', '2022-05-21 06:49:41.790358'); alias=default
(0.000) UPDATE "auth_user" SET "last_login" = '2022-05-21 06:44:41.799328' WHERE "auth_user"."id" = 4; args=('2022-05-21 06:44:41.799328', 4); alias=default
(0.000) SELECT "axes_accessattempt"."id", "axes_accessattempt"."user_agent", "axes_accessattempt"."ip_address", "axes_accessattempt"."username", "axes_accessattempt"."http_accept", "axes_accessattempt"."path_info", "axes_accessattempt"."attempt_time", "axes_accessattempt"."get_data", "axes_accessattempt"."post_data", "axes_accessattempt"."failures_since_start" FROM "axes_accessattempt" WHERE "axes_accessattempt"."attempt_time" < '2022-05-21 06:32:41.610795'; args=('2022-05-21 06:32:41.610795',); alias=default
(0.000) BEGIN; args=None; alias=default
(0.000) DELETE FROM "axes_accessattempt" WHERE "axes_accessattempt"."id" IN (22); args=(22,); alias=default
(0.000) INSERT INTO "axes_accesslog" ("user_agent", "ip_address", "username", "http_accept", "path_info", "attempt_time", "logout_time") SELECT 'Mozilla/5.0 (Windows NT 10.0; Win64; x64) AppleWebKit/537.36 (KHTML, like Gecko) Chrome/101.0.4951.67 Safari/537.36', '127.0.0.1', 'aproit', 'text/html,application/xhtml+xml,application/xml;q=0.9,image/avif,image/webp,image/apng,*/*;q=0.8,application/signed-exchange;v=b3;q=0.9', '/admin/login/', '2022-05-21 06:44:41.811327', NULL RETURNING "axes_accesslog"."id"; args=('Mozilla/5.0 (Windows NT 10.0; Win64; x64) AppleWebKit/537.36 (KHTML, like Gecko) Chrome/101.0.4951.67 Safari/537.36', '127.0.0.1', 'aproit', 'text/html,application/xhtml+xml,application/xml;q=0.9,image/avif,image/webp,image/apng,*/*;q=0.8,application/signed-exchange;v=b3;q=0.9', '/admin/login/', '2022-05-21 06:44:41.811327', None); alias=default
(0.000) BEGIN; args=None; alias=default
(0.000) UPDATE "django_session" SET "session_data" = '.eJxVjEsOwiAUAO_C2hAe5evSfc9AeDyQqqFJaVfGuxuSLnQ7M5k3C_HYazh63sJC7MoUu_wyjOmZ2xD0iO2-8rS2fVuQj4SftvN5pfy6ne3foMZex1YJIOmi19a6SNaSl0UCiqKLkZPXgFZj1hIEKgvFgHIqESksSRua2OcLwMc3SA:1nsIqv:Nrt8wGnwhK_u6Z-6ma00YwRKy_dzoVe4thlbLmWQtFQ', "expire_date" = '2022-05-21 06:49:41.817327' WHERE "django_session"."session_key" = 'zkwhujv7jk63hvrju0j5gd97cwi1w7lh'; args=('.eJxVjEsOwiAUAO_C2hAe5evSfc9AeDyQqqFJaVfGuxuSLnQ7M5k3C_HYazh63sJC7MoUu_wyjOmZ2xD0iO2-8rS2fVuQj4SftvN5pfy6ne3foMZex1YJIOmi19a6SNaSl0UCiqKLkZPXgFZj1hIEKgvFgHIqESksSRua2OcLwMc3SA:1nsIqv:Nrt8wGnwhK_u6Z-6ma00YwRKy_dzoVe4thlbLmWQtFQ', '2022-05-21 06:49:41.817327', 'zkwhujv7jk63hvrju0j5gd97cwi1w7lh'); alias=default
(0.000) BEGIN; args=None; alias=default
(0.000) UPDATE "django_session" SET "session_data" = '.eJxVjEsOwiAUAO_C2hAe5evSfc9AeDyQqqFJaVfGuxuSLnQ7M5k3C_HYazh63sJC7MoUu_wyjOmZ2xD0iO2-8rS2fVuQj4SftvN5pfy6ne3foMZex1YJIOmi19a6SNaSl0UCiqKLkZPXgFZj1hIEKgvFgHIqESksSRua2OcLwMc3SA:1nsIqv:Nrt8wGnwhK_u6Z-6ma00YwRKy_dzoVe4thlbLmWQtFQ', "expire_date" = '2022-05-21 06:49:41.824328' WHERE "django_session"."session_key" = 'zkwhujv7jk63hvrju0j5gd97cwi1w7lh'; args=('.eJxVjEsOwiAUAO_C2hAe5evSfc9AeDyQqqFJaVfGuxuSLnQ7M5k3C_HYazh63sJC7MoUu_wyjOmZ2xD0iO2-8rS2fVuQj4SftvN5pfy6ne3foMZex1YJIOmi19a6SNaSl0UCiqKLkZPXgFZj1hIEKgvFgHIqESksSRua2OcLwMc3SA:1nsIqv:Nrt8wGnwhK_u6Z-6ma00YwRKy_dzoVe4thlbLmWQtFQ', '2022-05-21 06:49:41.824328', 'zkwhujv7jk63hvrju0j5gd97cwi1w7lh'); alias=default
"POST /admin/login/?next=/ HTTP/1.1" 302 0
(0.000) SELECT "django_session"."session_key", "django_session"."session_data", "django_session"."expire_date" FROM "django_session" WHERE ("django_session"."expire_date" > '2022-05-21 06:44:41.834329' AND "django_session"."session_key" = 'zkwhujv7jk63hvrju0j5gd97cwi1w7lh') LIMIT 21; args=('2022-05-21 06:44:41.834329', 'zkwhujv7jk63hvrju0j5gd97cwi1w7lh'); alias=default
(0.000) SELECT "auth_user"."id", "auth_user"."password", "auth_user"."last_login", "auth_user"."is_superuser", "auth_user"."username", "auth_user"."first_name", "auth_user"."last_name", "auth_user"."email", "auth_user"."is_staff", "auth_user"."is_active", "auth_user"."date_joined" FROM "auth_user" WHERE "auth_user"."id" = 4 LIMIT 21; args=(4,); alias=default
(0.000) SELECT COUNT(*) AS "__count" FROM "invoice_invoice1"; args=(); alias=default
(0.000) SELECT "invoice_invoice1"."id", "invoice_invoice1"."customer", "invoice_invoice1"."bill_titlefront", "invoice_invoice1"."bill_titleback", "invoice_invoice1"."bill_title", "invoice_invoice1"."termsandconditions", "invoice_invoice1"."fulldescription", "invoice_invoice1"."date", "invoice_invoice1"."service_type", "invoice_invoice1"."total_amount", "invoice_invoice1"."service", "invoice_invoice1"."gst", "invoice_invoice1"."gsttotal", "invoice_invoice1"."subtotal", "invoice_invoice1"."gstpercentage", "invoice_invoice1"."status", "invoice_invoice1"."currency", "invoice_invoice1"."footer" FROM "invoice_invoice1" ORDER BY "invoice_invoice1"."id" DESC; args=(); alias=default
(0.000) BEGIN; args=None; alias=default
(0.000) UPDATE "django_session" SET "session_data" = '.eJxVjr1yhCAURt-FNrvOvZeLKOX2223PgOBK4koiWGXy7tEZi6T9fs6cb2HdVie7lbjaFIQRLC5_M--Gj7gcRXh3yzM3Q17qmnxzTJqzLc09hzjfzu0_wOTKdGAZMFDneqV154LWoaeR0MOoxpZkr9Br5aMiBM8axxa54yEE9uOg2iAPaImlpLzYtKRqa3rFUt3r0wqDrZKIijtsOsmSerycuodItnN-5q3a2ZVq1_i17cddiYDoCupK-IDWMBve7wyS9BuAARA_vxRYWfQ:1nsIqy:YdKuUGR_2vD98YiT_IzmxFxTlEQciDqS2fsldIe9akU', "expire_date" = '2022-05-21 06:49:44.475806' WHERE "django_session"."session_key" = 'zkwhujv7jk63hvrju0j5gd97cwi1w7lh'; args=('.eJxVjr1yhCAURt-FNrvOvZeLKOX2223PgOBK4koiWGXy7tEZi6T9fs6cb2HdVie7lbjaFIQRLC5_M--Gj7gcRXh3yzM3Q17qmnxzTJqzLc09hzjfzu0_wOTKdGAZMFDneqV154LWoaeR0MOoxpZkr9Br5aMiBM8axxa54yEE9uOg2iAPaImlpLzYtKRqa3rFUt3r0wqDrZKIijtsOsmSerycuodItnN-5q3a2ZVq1_i17cddiYDoCupK-IDWMBve7wyS9BuAARA_vxRYWfQ:1nsIqy:YdKuUGR_2vD98YiT_IzmxFxTlEQciDqS2fsldIe9akU', '2022-05-21 06:49:44.475806', 'zkwhujv7jk63hvrju0j5gd97cwi1w7lh'); alias=default
(0.000) BEGIN; args=None; alias=default
(0.000) UPDATE "django_session" SET "session_data" = '.eJxVjr1yhCAURt-FNrvOvZeLKOX2223PgOBK4koiWGXy7tEZi6T9fs6cb2HdVie7lbjaFIQRLC5_M--Gj7gcRXh3yzM3Q17qmnxzTJqzLc09hzjfzu0_wOTKdGAZMFDneqV154LWoaeR0MOoxpZkr9Br5aMiBM8axxa54yEE9uOg2iAPaImlpLzYtKRqa3rFUt3r0wqDrZKIijtsOsmSerycuodItnN-5q3a2ZVq1_i17cddiYDoCupK-IDWMBve7wyS9BuAARA_vxRYWfQ:1nsIqy:YdKuUGR_2vD98YiT_IzmxFxTlEQciDqS2fsldIe9akU', "expire_date" = '2022-05-21 06:49:44.481808' WHERE "django_session"."session_key" = 'zkwhujv7jk63hvrju0j5gd97cwi1w7lh'; args=('.eJxVjr1yhCAURt-FNrvOvZeLKOX2223PgOBK4koiWGXy7tEZi6T9fs6cb2HdVie7lbjaFIQRLC5_M--Gj7gcRXh3yzM3Q17qmnxzTJqzLc09hzjfzu0_wOTKdGAZMFDneqV154LWoaeR0MOoxpZkr9Br5aMiBM8axxa54yEE9uOg2iAPaImlpLzYtKRqa3rFUt3r0wqDrZKIijtsOsmSerycuodItnN-5q3a2ZVq1_i17cddiYDoCupK-IDWMBve7wyS9BuAARA_vxRYWfQ:1nsIqy:YdKuUGR_2vD98YiT_IzmxFxTlEQciDqS2fsldIe9akU', '2022-05-21 06:49:44.481808', 'zkwhujv7jk63hvrju0j5gd97cwi1w7lh'); alias=default
"GET / HTTP/1.1" 200 21902670
File C:\Users\OP PC 03\AppData\Local\Programs\Python\Python310\Lib\site-packages\axes\attempts.py first seen with mtime 1652871974.968766
File C:\Users\OP PC 03\AppData\Local\Programs\Python\Python310\Lib\site-packages\axes\handlers\database.py first seen with mtime 1652871974.968766
